Using pre-set license
Built from '2020.3/staging' branch; Version is '2020.3.20f1 (41c4e627c95f) revision 4310246'; Using compiler version '192528614'; Build Type 'Release'
OS: 'Windows 10 Home; OS build 19043.1348; Version 2009; 64bit' Language: 'fr' Physical Memory: 16267 MB
BatchMode: 1, IsHumanControllingUs: 0, StartBugReporterOnCrash: 0, Is64bit: 1, IsPro: 0

COMMAND LINE ARGUMENTS:
D:\Unity\2020.3.20f1\Editor\Unity.exe
-adb2
-batchMode
-noUpm
-name
AssetImportWorker0
-projectPath
D:/Ynov/Ydays/MediumsHat/MediumsHat
-logFile
Logs/AssetImportWorker0.log
-srvPort
65505
Successfully changed project path to: D:/Ynov/Ydays/MediumsHat/MediumsHat
D:/Ynov/Ydays/MediumsHat/MediumsHat
Using Asset Import Pipeline V2.
Refreshing native plugins compatible for Editor in 48.92 ms, found 3 plugins.
Preloading 0 native plugins for Editor in 0.00 ms.
Initialize engine version: 2020.3.20f1 (41c4e627c95f)
[Subsystems] Discovering subsystems at path D:/Unity/2020.3.20f1/Editor/Data/Resources/UnitySubsystems
[Subsystems] Discovering subsystems at path D:/Ynov/Ydays/MediumsHat/MediumsHat/Assets
GfxDevice: creating device client; threaded=0
Direct3D:
    Version:  Direct3D 11.0 [level 11.1]
    Renderer: NVIDIA GeForce GTX 1060 (ID=0x1c20)
    Vendor:   
    VRAM:     6052 MB
    Driver:   30.0.14.7168
Initialize mono
Mono path[0] = 'D:/Unity/2020.3.20f1/Editor/Data/Managed'
Mono path[1] = 'D:/Unity/2020.3.20f1/Editor/Data/MonoBleedingEdge/lib/mono/unityjit'
Mono config path = 'D:/Unity/2020.3.20f1/Editor/Data/MonoBleedingEdge/etc'
Using monoOptions --debugger-agent=transport=dt_socket,embedding=1,server=y,suspend=n,address=127.0.0.1:56880
Begin MonoManager ReloadAssembly
Registering precompiled unity dll's ...
Register platform support module: D:/Unity/2020.3.20f1/Editor/Data/PlaybackEngines/WindowsStandaloneSupport/UnityEditor.WindowsStandalone.Extensions.dll
Registered in 0.001128 seconds.
Native extension for WindowsStandalone target not found
Refreshing native plugins compatible for Editor in 50.28 ms, found 3 plugins.
Preloading 0 native plugins for Editor in 0.00 ms.
Mono: successfully reloaded assembly
- Completed reload, in  1.101 seconds
Domain Reload Profiling:
	ReloadAssembly (1101ms)
		BeginReloadAssembly (60ms)
			ExecutionOrderSort (0ms)
			DisableScriptedObjects (0ms)
			BackupInstance (0ms)
			ReleaseScriptingObjects (0ms)
			CreateAndSetChildDomain (1ms)
		EndReloadAssembly (501ms)
			LoadAssemblies (59ms)
			RebuildTransferFunctionScriptingTraits (0ms)
			SetupTypeCache (178ms)
			ReleaseScriptCaches (0ms)
			RebuildScriptCaches (39ms)
			SetupLoadedEditorAssemblies (203ms)
				LogAssemblyErrors (0ms)
				InitializePlatformSupportModulesInManaged (4ms)
				SetLoadedEditorAssemblies (0ms)
				RefreshPlugins (50ms)
				BeforeProcessingInitializeOnLoad (20ms)
				ProcessInitializeOnLoadAttributes (91ms)
				ProcessInitializeOnLoadMethodAttributes (37ms)
				AfterProcessingInitializeOnLoad (0ms)
				EditorAssembliesLoaded (0ms)
			ExecutionOrderSort2 (0ms)
			AwakeInstancesAfterBackupRestoration (0ms)
Platform modules already initialized, skipping
Registering precompiled user dll's ...
Registered in 0.002382 seconds.
Begin MonoManager ReloadAssembly
Native extension for WindowsStandalone target not found
Refreshing native plugins compatible for Editor in 47.87 ms, found 3 plugins.
Preloading 0 native plugins for Editor in 0.00 ms.
Mono: successfully reloaded assembly
- Completed reload, in  1.262 seconds
Domain Reload Profiling:
	ReloadAssembly (1262ms)
		BeginReloadAssembly (182ms)
			ExecutionOrderSort (0ms)
			DisableScriptedObjects (6ms)
			BackupInstance (0ms)
			ReleaseScriptingObjects (0ms)
			CreateAndSetChildDomain (24ms)
		EndReloadAssembly (1021ms)
			LoadAssemblies (103ms)
			RebuildTransferFunctionScriptingTraits (0ms)
			SetupTypeCache (342ms)
			ReleaseScriptCaches (0ms)
			RebuildScriptCaches (51ms)
			SetupLoadedEditorAssemblies (396ms)
				LogAssemblyErrors (0ms)
				InitializePlatformSupportModulesInManaged (4ms)
				SetLoadedEditorAssemblies (0ms)
				RefreshPlugins (48ms)
				BeforeProcessingInitializeOnLoad (84ms)
				ProcessInitializeOnLoadAttributes (242ms)
				ProcessInitializeOnLoadMethodAttributes (16ms)
				AfterProcessingInitializeOnLoad (3ms)
				EditorAssembliesLoaded (0ms)
			ExecutionOrderSort2 (0ms)
			AwakeInstancesAfterBackupRestoration (7ms)
Platform modules already initialized, skipping
========================================================================
Worker process is ready to serve import requests
Launched and connected shader compiler UnityShaderCompiler.exe after 0.15 seconds
Refreshing native plugins compatible for Editor in 0.45 ms, found 3 plugins.
Preloading 0 native plugins for Editor in 0.00 ms.
Unloading 2093 Unused Serialized files (Serialized files now loaded: 0)
System memory in use before: 93.1 MB.
System memory in use after: 93.2 MB.

Unloading 26 unused Assets to reduce memory usage. Loaded Objects now: 2532.
Total: 3.627600 ms (FindLiveObjects: 0.201200 ms CreateObjectMapping: 0.079100 ms MarkObjects: 3.215800 ms  DeleteObjects: 0.130500 ms)

AssetImportParameters requested are different than current active one (requested -> active):
  custom:framework-win-MediaFoundation: 216162199b28c13a410421893ffa2e32 -> 
  custom:video-decoder-ogg-theora: a1e56fd34408186e4bbccfd4996cb3dc -> 
  custom:container-muxer-webm: aa71ff27fc2769a1b78a27578f13a17b -> 
  custom:container-demuxer-webm: 4f35f7cbe854078d1ac9338744f61a02 -> 
  custom:container-demuxer-ogg: 62fdf1f143b41e24485cea50d1cbac27 -> 
  custom:video-encoder-webm-vp8: eb34c28f22e8b96e1ab97ce403110664 -> 
  custom:video-decoder-webm-vp8: 9c59270c3fd7afecdb556c50c9e8de78 -> 
  custom:audio-decoder-ogg-vorbis: bf7c407c2cedff20999df2af8eb42d56 -> 
  custom:audio-encoder-webm-vorbis: bf7c407c2cedff20999df2af8eb42d56 -> 
========================================================================
Received Import Request.
  path: Assets
  artifactKey: Guid(00000000000000001000000000000000) Importer(815301076,1909f56bfc062723c751e8b465ee728b)
Start importing Assets using Guid(00000000000000001000000000000000) Importer(815301076,1909f56bfc062723c751e8b465ee728b)  -> (artifact id: '42d402b061de3733987d63b9cc3b64de') in 0.010317 seconds 
  Import took 0.014896 seconds .

========================================================================
Received Import Request.
  Time since last request: 0.000374 seconds.
  path: Assets/Scenes
  artifactKey: Guid(31b727f21f8ff51488fbe2ed1b231a39) Importer(815301076,1909f56bfc062723c751e8b465ee728b)
Start importing Assets/Scenes using Guid(31b727f21f8ff51488fbe2ed1b231a39) Importer(815301076,1909f56bfc062723c751e8b465ee728b)  -> (artifact id: '466847c0c522e95bbd8622162e395755') in 0.005990 seconds 
  Import took 0.009669 seconds .

========================================================================
Received Import Request.
  Time since last request: 7.138759 seconds.
  path: Assets/Scripts
  artifactKey: Guid(9bb1598dacaf3784a8baba2553ee0b76) Importer(815301076,1909f56bfc062723c751e8b465ee728b)
Start importing Assets/Scripts using Guid(9bb1598dacaf3784a8baba2553ee0b76) Importer(815301076,1909f56bfc062723c751e8b465ee728b)  -> (artifact id: '50f635b4b33e64d58755c1f01ec28a62') in 0.009504 seconds 
  Import took 0.014209 seconds .

========================================================================
Received Prepare
Registering precompiled user dll's ...
Registered in 0.002683 seconds.
Begin MonoManager ReloadAssembly
Native extension for WindowsStandalone target not found
Refreshing native plugins compatible for Editor in 0.94 ms, found 3 plugins.
Preloading 0 native plugins for Editor in 0.00 ms.
Mono: successfully reloaded assembly
- Completed reload, in  1.254 seconds
Domain Reload Profiling:
	ReloadAssembly (1254ms)
		BeginReloadAssembly (133ms)
			ExecutionOrderSort (0ms)
			DisableScriptedObjects (7ms)
			BackupInstance (0ms)
			ReleaseScriptingObjects (0ms)
			CreateAndSetChildDomain (43ms)
		EndReloadAssembly (1058ms)
			LoadAssemblies (97ms)
			RebuildTransferFunctionScriptingTraits (0ms)
			SetupTypeCache (410ms)
			ReleaseScriptCaches (1ms)
			RebuildScriptCaches (51ms)
			SetupLoadedEditorAssemblies (353ms)
				LogAssemblyErrors (0ms)
				InitializePlatformSupportModulesInManaged (8ms)
				SetLoadedEditorAssemblies (2ms)
				RefreshPlugins (1ms)
				BeforeProcessingInitializeOnLoad (97ms)
				ProcessInitializeOnLoadAttributes (235ms)
				ProcessInitializeOnLoadMethodAttributes (7ms)
				AfterProcessingInitializeOnLoad (3ms)
				EditorAssembliesLoaded (0ms)
			ExecutionOrderSort2 (0ms)
			AwakeInstancesAfterBackupRestoration (12ms)
Platform modules already initialized, skipping
Refreshing native plugins compatible for Editor in 0.53 ms, found 3 plugins.
Preloading 0 native plugins for Editor in 0.00 ms.
Unloading 2085 Unused Serialized files (Serialized files now loaded: 0)
System memory in use before: 92.6 MB.
System memory in use after: 92.7 MB.

Unloading 14 unused Assets to reduce memory usage. Loaded Objects now: 2537.
Total: 3.544800 ms (FindLiveObjects: 0.197700 ms CreateObjectMapping: 0.073400 ms MarkObjects: 3.252200 ms  DeleteObjects: 0.019900 ms)

AssetImportParameters requested are different than current active one (requested -> active):
  custom:framework-win-MediaFoundation: 216162199b28c13a410421893ffa2e32 -> 
  custom:video-decoder-ogg-theora: a1e56fd34408186e4bbccfd4996cb3dc -> 
  custom:container-muxer-webm: aa71ff27fc2769a1b78a27578f13a17b -> 
  custom:container-demuxer-webm: 4f35f7cbe854078d1ac9338744f61a02 -> 
  custom:container-demuxer-ogg: 62fdf1f143b41e24485cea50d1cbac27 -> 
  custom:video-encoder-webm-vp8: eb34c28f22e8b96e1ab97ce403110664 -> 
  custom:video-decoder-webm-vp8: 9c59270c3fd7afecdb556c50c9e8de78 -> 
  custom:audio-decoder-ogg-vorbis: bf7c407c2cedff20999df2af8eb42d56 -> 
  custom:audio-encoder-webm-vorbis: bf7c407c2cedff20999df2af8eb42d56 -> 
========================================================================
Received Import Request.
  Time since last request: 23.405200 seconds.
  path: Assets/Scripts/PlayerController.cs
  artifactKey: Guid(7f9e9a8017aeada4283a20125be4517e) Importer(815301076,1909f56bfc062723c751e8b465ee728b)
Start importing Assets/Scripts/PlayerController.cs using Guid(7f9e9a8017aeada4283a20125be4517e) Importer(815301076,1909f56bfc062723c751e8b465ee728b)  -> (artifact id: '827fb1e3886c8afc7a96bb0d6d27ef00') in 0.050573 seconds 
  Import took 0.054402 seconds .

========================================================================
Received Import Request.
  Time since last request: 22.490303 seconds.
  path: Assets/Palets
  artifactKey: Guid(7e82d5355fa217349a83e62bf0c843d7) Importer(815301076,1909f56bfc062723c751e8b465ee728b)
Start importing Assets/Palets using Guid(7e82d5355fa217349a83e62bf0c843d7) Importer(815301076,1909f56bfc062723c751e8b465ee728b)  -> (artifact id: '892dcfcba6c7ccad55ab4938858a0323') in 0.007995 seconds 
  Import took 0.011771 seconds .

========================================================================
Received Import Request.
  Time since last request: 146.361304 seconds.
  path: Assets/Imports
  artifactKey: Guid(2e1348fd85d24c94a8cb5fa2daccf414) Importer(815301076,1909f56bfc062723c751e8b465ee728b)
Start importing Assets/Imports using Guid(2e1348fd85d24c94a8cb5fa2daccf414) Importer(815301076,1909f56bfc062723c751e8b465ee728b)  -> (artifact id: '42b9f3ad2d8b91875d12c8316b7d350c') in 0.006615 seconds 
  Import took 0.011573 seconds .

========================================================================
Received Import Request.
  Time since last request: 28.728261 seconds.
  path: Assets/Imports/characters.png
  artifactKey: Guid(6ebecf2087456d849969cddcc045c2a7) Importer(815301076,1909f56bfc062723c751e8b465ee728b)
Start importing Assets/Imports/characters.png using Guid(6ebecf2087456d849969cddcc045c2a7) Importer(815301076,1909f56bfc062723c751e8b465ee728b)  -> (artifact id: '2b7607888656e2d9f543d7eb55183b21') in 0.140678 seconds 
  Import took 0.144942 seconds .

========================================================================
Received Import Request.
  Time since last request: 0.000344 seconds.
  path: Assets/Imports/sheet.png
  artifactKey: Guid(f5ce608e78c65684a896e1ef46c75e6c) Importer(815301076,1909f56bfc062723c751e8b465ee728b)
Start importing Assets/Imports/sheet.png using Guid(f5ce608e78c65684a896e1ef46c75e6c) Importer(815301076,1909f56bfc062723c751e8b465ee728b)  -> (artifact id: 'bb757e5157657030f554d292b833e23a') in 0.021130 seconds 
  Import took 0.024498 seconds .

========================================================================
Received Import Request.
  Time since last request: 155.027477 seconds.
  path: Assets/Imports/sheet.png
  artifactKey: Guid(f5ce608e78c65684a896e1ef46c75e6c) Importer(815301076,1909f56bfc062723c751e8b465ee728b)
Start importing Assets/Imports/sheet.png using Guid(f5ce608e78c65684a896e1ef46c75e6c) Importer(815301076,1909f56bfc062723c751e8b465ee728b)  -> (artifact id: '0f41dce0b6f0f580ff34785addb95ea9') in 0.015146 seconds 
  Import took 0.020417 seconds .

========================================================================
Received Import Request.
  Time since last request: 98.396586 seconds.
  path: Assets/Imports/sheet.png
  artifactKey: Guid(f5ce608e78c65684a896e1ef46c75e6c) Importer(815301076,1909f56bfc062723c751e8b465ee728b)
Start importing Assets/Imports/sheet.png using Guid(f5ce608e78c65684a896e1ef46c75e6c) Importer(815301076,1909f56bfc062723c751e8b465ee728b)  -> (artifact id: '3a3a47a00c2022611d4231466e99f7fe') in 0.337064 seconds 
  Import took 0.342731 seconds .

========================================================================
Received Import Request.
  Time since last request: 846.119918 seconds.
  path: Assets/Imports/characters.png
  artifactKey: Guid(6ebecf2087456d849969cddcc045c2a7) Importer(815301076,1909f56bfc062723c751e8b465ee728b)
Start importing Assets/Imports/characters.png using Guid(6ebecf2087456d849969cddcc045c2a7) Importer(815301076,1909f56bfc062723c751e8b465ee728b)  -> (artifact id: '9347bdcd5b2ec153fbb4551e60b9618c') in 0.020348 seconds 
  Import took 0.026161 seconds .

========================================================================
Received Import Request.
  Time since last request: 69.688331 seconds.
  path: Assets/Imports/characters.png
  artifactKey: Guid(6ebecf2087456d849969cddcc045c2a7) Importer(815301076,1909f56bfc062723c751e8b465ee728b)
Start importing Assets/Imports/characters.png using Guid(6ebecf2087456d849969cddcc045c2a7) Importer(815301076,1909f56bfc062723c751e8b465ee728b)  -> (artifact id: 'e4dbce5bf842816c84d3f749723a23ca') in 0.248054 seconds 
  Import took 0.252882 seconds .

========================================================================
Received Prepare
Registering precompiled user dll's ...
Registered in 0.002528 seconds.
Begin MonoManager ReloadAssembly
Native extension for WindowsStandalone target not found
Refreshing native plugins compatible for Editor in 0.48 ms, found 3 plugins.
Preloading 0 native plugins for Editor in 0.00 ms.
Mono: successfully reloaded assembly
- Completed reload, in  1.156 seconds
Domain Reload Profiling:
	ReloadAssembly (1157ms)
		BeginReloadAssembly (135ms)
			ExecutionOrderSort (0ms)
			DisableScriptedObjects (8ms)
			BackupInstance (0ms)
			ReleaseScriptingObjects (0ms)
			CreateAndSetChildDomain (47ms)
		EndReloadAssembly (949ms)
			LoadAssemblies (101ms)
			RebuildTransferFunctionScriptingTraits (0ms)
			SetupTypeCache (320ms)
			ReleaseScriptCaches (1ms)
			RebuildScriptCaches (46ms)
			SetupLoadedEditorAssemblies (365ms)
				LogAssemblyErrors (0ms)
				InitializePlatformSupportModulesInManaged (6ms)
				SetLoadedEditorAssemblies (1ms)
				RefreshPlugins (1ms)
				BeforeProcessingInitializeOnLoad (102ms)
				ProcessInitializeOnLoadAttributes (244ms)
				ProcessInitializeOnLoadMethodAttributes (7ms)
				AfterProcessingInitializeOnLoad (4ms)
				EditorAssembliesLoaded (0ms)
			ExecutionOrderSort2 (0ms)
			AwakeInstancesAfterBackupRestoration (13ms)
Platform modules already initialized, skipping
Refreshing native plugins compatible for Editor in 0.45 ms, found 3 plugins.
Preloading 0 native plugins for Editor in 0.00 ms.
Unloading 2085 Unused Serialized files (Serialized files now loaded: 0)
System memory in use before: 95.6 MB.
System memory in use after: 95.8 MB.

Unloading 14 unused Assets to reduce memory usage. Loaded Objects now: 2552.
Total: 3.592500 ms (FindLiveObjects: 0.209400 ms CreateObjectMapping: 0.088500 ms MarkObjects: 3.258500 ms  DeleteObjects: 0.035000 ms)

AssetImportParameters requested are different than current active one (requested -> active):
  custom:framework-win-MediaFoundation: 216162199b28c13a410421893ffa2e32 -> 
  custom:video-decoder-ogg-theora: a1e56fd34408186e4bbccfd4996cb3dc -> 
  custom:container-muxer-webm: aa71ff27fc2769a1b78a27578f13a17b -> 
  custom:container-demuxer-webm: 4f35f7cbe854078d1ac9338744f61a02 -> 
  custom:container-demuxer-ogg: 62fdf1f143b41e24485cea50d1cbac27 -> 
  custom:video-encoder-webm-vp8: eb34c28f22e8b96e1ab97ce403110664 -> 
  custom:video-decoder-webm-vp8: 9c59270c3fd7afecdb556c50c9e8de78 -> 
  custom:audio-decoder-ogg-vorbis: bf7c407c2cedff20999df2af8eb42d56 -> 
  custom:audio-encoder-webm-vorbis: bf7c407c2cedff20999df2af8eb42d56 -> 
========================================================================
Received Prepare
Registering precompiled user dll's ...
Registered in 0.003136 seconds.
Begin MonoManager ReloadAssembly
Native extension for WindowsStandalone target not found
Refreshing native plugins compatible for Editor in 0.84 ms, found 3 plugins.
Preloading 0 native plugins for Editor in 0.00 ms.
Mono: successfully reloaded assembly
- Completed reload, in  1.349 seconds
Domain Reload Profiling:
	ReloadAssembly (1350ms)
		BeginReloadAssembly (127ms)
			ExecutionOrderSort (0ms)
			DisableScriptedObjects (12ms)
			BackupInstance (0ms)
			ReleaseScriptingObjects (0ms)
			CreateAndSetChildDomain (38ms)
		EndReloadAssembly (1159ms)
			LoadAssemblies (96ms)
			RebuildTransferFunctionScriptingTraits (0ms)
			SetupTypeCache (419ms)
			ReleaseScriptCaches (1ms)
			RebuildScriptCaches (60ms)
			SetupLoadedEditorAssemblies (409ms)
				LogAssemblyErrors (0ms)
				InitializePlatformSupportModulesInManaged (7ms)
				SetLoadedEditorAssemblies (1ms)
				RefreshPlugins (1ms)
				BeforeProcessingInitializeOnLoad (111ms)
				ProcessInitializeOnLoadAttributes (276ms)
				ProcessInitializeOnLoadMethodAttributes (10ms)
				AfterProcessingInitializeOnLoad (4ms)
				EditorAssembliesLoaded (0ms)
			ExecutionOrderSort2 (0ms)
			AwakeInstancesAfterBackupRestoration (15ms)
Platform modules already initialized, skipping
Refreshing native plugins compatible for Editor in 0.65 ms, found 3 plugins.
Preloading 0 native plugins for Editor in 0.00 ms.
Unloading 2085 Unused Serialized files (Serialized files now loaded: 0)
System memory in use before: 95.7 MB.
System memory in use after: 95.8 MB.

Unloading 14 unused Assets to reduce memory usage. Loaded Objects now: 2555.
Total: 4.598500 ms (FindLiveObjects: 0.319000 ms CreateObjectMapping: 0.101000 ms MarkObjects: 4.142400 ms  DeleteObjects: 0.034500 ms)

AssetImportParameters requested are different than current active one (requested -> active):
  custom:framework-win-MediaFoundation: 216162199b28c13a410421893ffa2e32 -> 
  custom:video-decoder-ogg-theora: a1e56fd34408186e4bbccfd4996cb3dc -> 
  custom:container-muxer-webm: aa71ff27fc2769a1b78a27578f13a17b -> 
  custom:container-demuxer-webm: 4f35f7cbe854078d1ac9338744f61a02 -> 
  custom:container-demuxer-ogg: 62fdf1f143b41e24485cea50d1cbac27 -> 
  custom:video-encoder-webm-vp8: eb34c28f22e8b96e1ab97ce403110664 -> 
  custom:video-decoder-webm-vp8: 9c59270c3fd7afecdb556c50c9e8de78 -> 
  custom:audio-decoder-ogg-vorbis: bf7c407c2cedff20999df2af8eb42d56 -> 
  custom:audio-encoder-webm-vorbis: bf7c407c2cedff20999df2af8eb42d56 -> 
========================================================================
Received Prepare
Registering precompiled user dll's ...
Registered in 0.003034 seconds.
Begin MonoManager ReloadAssembly
Native extension for WindowsStandalone target not found
Refreshing native plugins compatible for Editor in 0.66 ms, found 3 plugins.
Preloading 0 native plugins for Editor in 0.00 ms.
Mono: successfully reloaded assembly
- Completed reload, in  1.217 seconds
Domain Reload Profiling:
	ReloadAssembly (1218ms)
		BeginReloadAssembly (170ms)
			ExecutionOrderSort (0ms)
			DisableScriptedObjects (8ms)
			BackupInstance (0ms)
			ReleaseScriptingObjects (0ms)
			CreateAndSetChildDomain (50ms)
		EndReloadAssembly (981ms)
			LoadAssemblies (103ms)
			RebuildTransferFunctionScriptingTraits (0ms)
			SetupTypeCache (355ms)
			ReleaseScriptCaches (1ms)
			RebuildScriptCaches (51ms)
			SetupLoadedEditorAssemblies (351ms)
				LogAssemblyErrors (0ms)
				InitializePlatformSupportModulesInManaged (6ms)
				SetLoadedEditorAssemblies (1ms)
				RefreshPlugins (1ms)
				BeforeProcessingInitializeOnLoad (86ms)
				ProcessInitializeOnLoadAttributes (247ms)
				ProcessInitializeOnLoadMethodAttributes (7ms)
				AfterProcessingInitializeOnLoad (3ms)
				EditorAssembliesLoaded (0ms)
			ExecutionOrderSort2 (0ms)
			AwakeInstancesAfterBackupRestoration (12ms)
Platform modules already initialized, skipping
Refreshing native plugins compatible for Editor in 0.47 ms, found 3 plugins.
Preloading 0 native plugins for Editor in 0.00 ms.
Unloading 2085 Unused Serialized files (Serialized files now loaded: 0)
System memory in use before: 95.7 MB.
System memory in use after: 95.8 MB.

Unloading 14 unused Assets to reduce memory usage. Loaded Objects now: 2558.
Total: 3.794700 ms (FindLiveObjects: 0.209900 ms CreateObjectMapping: 0.083800 ms MarkObjects: 3.481400 ms  DeleteObjects: 0.018500 ms)

AssetImportParameters requested are different than current active one (requested -> active):
  custom:framework-win-MediaFoundation: 216162199b28c13a410421893ffa2e32 -> 
  custom:video-decoder-ogg-theora: a1e56fd34408186e4bbccfd4996cb3dc -> 
  custom:container-muxer-webm: aa71ff27fc2769a1b78a27578f13a17b -> 
  custom:container-demuxer-webm: 4f35f7cbe854078d1ac9338744f61a02 -> 
  custom:container-demuxer-ogg: 62fdf1f143b41e24485cea50d1cbac27 -> 
  custom:video-encoder-webm-vp8: eb34c28f22e8b96e1ab97ce403110664 -> 
  custom:video-decoder-webm-vp8: 9c59270c3fd7afecdb556c50c9e8de78 -> 
  custom:audio-decoder-ogg-vorbis: bf7c407c2cedff20999df2af8eb42d56 -> 
  custom:audio-encoder-webm-vorbis: bf7c407c2cedff20999df2af8eb42d56 -> 
========================================================================
Received Prepare
Registering precompiled user dll's ...
Registered in 0.002449 seconds.
Begin MonoManager ReloadAssembly
Native extension for WindowsStandalone target not found
Refreshing native plugins compatible for Editor in 0.60 ms, found 3 plugins.
Preloading 0 native plugins for Editor in 0.00 ms.
Mono: successfully reloaded assembly
- Completed reload, in  1.128 seconds
Domain Reload Profiling:
	ReloadAssembly (1129ms)
		BeginReloadAssembly (121ms)
			ExecutionOrderSort (0ms)
			DisableScriptedObjects (8ms)
			BackupInstance (0ms)
			ReleaseScriptingObjects (0ms)
			CreateAndSetChildDomain (39ms)
		EndReloadAssembly (945ms)
			LoadAssemblies (100ms)
			RebuildTransferFunctionScriptingTraits (0ms)
			SetupTypeCache (323ms)
			ReleaseScriptCaches (1ms)
			RebuildScriptCaches (46ms)
			SetupLoadedEditorAssemblies (350ms)
				LogAssemblyErrors (0ms)
				InitializePlatformSupportModulesInManaged (5ms)
				SetLoadedEditorAssemblies (1ms)
				RefreshPlugins (1ms)
				BeforeProcessingInitializeOnLoad (89ms)
				ProcessInitializeOnLoadAttributes (244ms)
				ProcessInitializeOnLoadMethodAttributes (8ms)
				AfterProcessingInitializeOnLoad (3ms)
				EditorAssembliesLoaded (0ms)
			ExecutionOrderSort2 (0ms)
			AwakeInstancesAfterBackupRestoration (12ms)
Platform modules already initialized, skipping
Refreshing native plugins compatible for Editor in 0.48 ms, found 3 plugins.
Preloading 0 native plugins for Editor in 0.00 ms.
Unloading 2085 Unused Serialized files (Serialized files now loaded: 0)
System memory in use before: 95.7 MB.
System memory in use after: 95.8 MB.

Unloading 14 unused Assets to reduce memory usage. Loaded Objects now: 2561.
Total: 3.858100 ms (FindLiveObjects: 0.289300 ms CreateObjectMapping: 0.118100 ms MarkObjects: 3.412700 ms  DeleteObjects: 0.036600 ms)

AssetImportParameters requested are different than current active one (requested -> active):
  custom:framework-win-MediaFoundation: 216162199b28c13a410421893ffa2e32 -> 
  custom:video-decoder-ogg-theora: a1e56fd34408186e4bbccfd4996cb3dc -> 
  custom:container-muxer-webm: aa71ff27fc2769a1b78a27578f13a17b -> 
  custom:container-demuxer-webm: 4f35f7cbe854078d1ac9338744f61a02 -> 
  custom:container-demuxer-ogg: 62fdf1f143b41e24485cea50d1cbac27 -> 
  custom:video-encoder-webm-vp8: eb34c28f22e8b96e1ab97ce403110664 -> 
  custom:video-decoder-webm-vp8: 9c59270c3fd7afecdb556c50c9e8de78 -> 
  custom:audio-decoder-ogg-vorbis: bf7c407c2cedff20999df2af8eb42d56 -> 
  custom:audio-encoder-webm-vorbis: bf7c407c2cedff20999df2af8eb42d56 -> 
========================================================================
Received Prepare
Registering precompiled user dll's ...
Registered in 0.002564 seconds.
Begin MonoManager ReloadAssembly
Native extension for WindowsStandalone target not found
Refreshing native plugins compatible for Editor in 0.60 ms, found 3 plugins.
Preloading 0 native plugins for Editor in 0.00 ms.
Mono: successfully reloaded assembly
- Completed reload, in  1.173 seconds
Domain Reload Profiling:
	ReloadAssembly (1173ms)
		BeginReloadAssembly (123ms)
			ExecutionOrderSort (0ms)
			DisableScriptedObjects (8ms)
			BackupInstance (0ms)
			ReleaseScriptingObjects (0ms)
			CreateAndSetChildDomain (41ms)
		EndReloadAssembly (985ms)
			LoadAssemblies (101ms)
			RebuildTransferFunctionScriptingTraits (0ms)
			SetupTypeCache (349ms)
			ReleaseScriptCaches (1ms)
			RebuildScriptCaches (52ms)
			SetupLoadedEditorAssemblies (359ms)
				LogAssemblyErrors (0ms)
				InitializePlatformSupportModulesInManaged (5ms)
				SetLoadedEditorAssemblies (1ms)
				RefreshPlugins (1ms)
				BeforeProcessingInitializeOnLoad (102ms)
				ProcessInitializeOnLoadAttributes (239ms)
				ProcessInitializeOnLoadMethodAttributes (8ms)
				AfterProcessingInitializeOnLoad (3ms)
				EditorAssembliesLoaded (0ms)
			ExecutionOrderSort2 (0ms)
			AwakeInstancesAfterBackupRestoration (13ms)
Platform modules already initialized, skipping
Refreshing native plugins compatible for Editor in 0.76 ms, found 3 plugins.
Preloading 0 native plugins for Editor in 0.00 ms.
Unloading 2085 Unused Serialized files (Serialized files now loaded: 0)
System memory in use before: 95.7 MB.
System memory in use after: 95.8 MB.

Unloading 14 unused Assets to reduce memory usage. Loaded Objects now: 2564.
Total: 3.731800 ms (FindLiveObjects: 0.196400 ms CreateObjectMapping: 0.083000 ms MarkObjects: 3.430400 ms  DeleteObjects: 0.020500 ms)

AssetImportParameters requested are different than current active one (requested -> active):
  custom:framework-win-MediaFoundation: 216162199b28c13a410421893ffa2e32 -> 
  custom:video-decoder-ogg-theora: a1e56fd34408186e4bbccfd4996cb3dc -> 
  custom:container-muxer-webm: aa71ff27fc2769a1b78a27578f13a17b -> 
  custom:container-demuxer-webm: 4f35f7cbe854078d1ac9338744f61a02 -> 
  custom:container-demuxer-ogg: 62fdf1f143b41e24485cea50d1cbac27 -> 
  custom:video-encoder-webm-vp8: eb34c28f22e8b96e1ab97ce403110664 -> 
  custom:video-decoder-webm-vp8: 9c59270c3fd7afecdb556c50c9e8de78 -> 
  custom:audio-decoder-ogg-vorbis: bf7c407c2cedff20999df2af8eb42d56 -> 
  custom:audio-encoder-webm-vorbis: bf7c407c2cedff20999df2af8eb42d56 -> 
========================================================================
Received Import Request.
  Time since last request: 1272.098020 seconds.
  path: Assets/Imports/underworld_load-atlas-32x32.png
  artifactKey: Guid(e7558c0dc37dbe547abe786da7f8bec0) Importer(815301076,1909f56bfc062723c751e8b465ee728b)
Start importing Assets/Imports/underworld_load-atlas-32x32.png using Guid(e7558c0dc37dbe547abe786da7f8bec0) Importer(815301076,1909f56bfc062723c751e8b465ee728b)  -> (artifact id: 'b9710f72018c35a90af8c2ed0eaf32ee') in 0.072762 seconds 
  Import took 0.077798 seconds .

========================================================================
Received Import Request.
  Time since last request: 17.228982 seconds.
  path: Assets/Imports/underworld_load-atlas-32x32.png
  artifactKey: Guid(e7558c0dc37dbe547abe786da7f8bec0) Importer(815301076,1909f56bfc062723c751e8b465ee728b)
Start importing Assets/Imports/underworld_load-atlas-32x32.png using Guid(e7558c0dc37dbe547abe786da7f8bec0) Importer(815301076,1909f56bfc062723c751e8b465ee728b)  -> (artifact id: '71f5ffa9bfdcccbecd17426744d5db6f') in 0.017146 seconds 
  Import took 0.023028 seconds .

========================================================================
Received Import Request.
  Time since last request: 29.108617 seconds.
  path: Assets/Imports/underworld_load-atlas-32x32.png
  artifactKey: Guid(e7558c0dc37dbe547abe786da7f8bec0) Importer(815301076,1909f56bfc062723c751e8b465ee728b)
Start importing Assets/Imports/underworld_load-atlas-32x32.png using Guid(e7558c0dc37dbe547abe786da7f8bec0) Importer(815301076,1909f56bfc062723c751e8b465ee728b)  -> (artifact id: 'f15e124c9fb0f292dda159cb8e9c4faa') in 0.667260 seconds 
  Import took 0.673115 seconds .

========================================================================
Received Import Request.
  Time since last request: 93.125167 seconds.
  path: Assets/Palettes
  artifactKey: Guid(00de2053e30ee6344b4102d689c54a8a) Importer(815301076,1909f56bfc062723c751e8b465ee728b)
Start importing Assets/Palettes using Guid(00de2053e30ee6344b4102d689c54a8a) Importer(815301076,1909f56bfc062723c751e8b465ee728b)  -> (artifact id: 'a0a2c52e99d8bb97fc378bf3a6f00bef') in 0.008631 seconds 
  Import took 0.013498 seconds .

========================================================================
Received Import Request.
  Time since last request: 0.310288 seconds.
  path: Assets/Palettes/ground.prefab
  artifactKey: Guid(821426ee23c4e1c4b82ecdb135280b35) Importer(815301076,1909f56bfc062723c751e8b465ee728b)
Start importing Assets/Palettes/ground.prefab using Guid(821426ee23c4e1c4b82ecdb135280b35) Importer(815301076,1909f56bfc062723c751e8b465ee728b)  -> (artifact id: '3cd784f008ad52e475d54c8941ecfe75') in 0.096978 seconds 
  Import took 0.102074 seconds .

========================================================================
Received Import Request.
  Time since last request: 0.000338 seconds.
  path: Assets/Palettes/stairs.prefab
  artifactKey: Guid(f504dd20e9c7c6d4ca016c88650e75ac) Importer(815301076,1909f56bfc062723c751e8b465ee728b)
Start importing Assets/Palettes/stairs.prefab using Guid(f504dd20e9c7c6d4ca016c88650e75ac) Importer(815301076,1909f56bfc062723c751e8b465ee728b)  -> (artifact id: 'bf45e8c005a108f72b281500ec5acc8f') in 0.013584 seconds 
  Import took 0.017943 seconds .

========================================================================
Received Import Request.
  Time since last request: 13.957155 seconds.
  path: Assets/Tiles
  artifactKey: Guid(3cbd58526c21e0a46a94fecbaeacf078) Importer(815301076,1909f56bfc062723c751e8b465ee728b)
Start importing Assets/Tiles using Guid(3cbd58526c21e0a46a94fecbaeacf078) Importer(815301076,1909f56bfc062723c751e8b465ee728b)  -> (artifact id: 'f160ecfeac24d931fd832dc7cff24212') in 0.007866 seconds 
  Import took 0.012056 seconds .

========================================================================
Received Import Request.
  Time since last request: 0.031349 seconds.
  path: Assets/Tiles/sheet_0.asset
  artifactKey: Guid(b04dc6dd5be234944a21a4dff94b7265) Importer(815301076,1909f56bfc062723c751e8b465ee728b)
Start importing Assets/Tiles/sheet_0.asset using Guid(b04dc6dd5be234944a21a4dff94b7265) Importer(815301076,1909f56bfc062723c751e8b465ee728b)  -> (artifact id: '76af68b6ceb1052ee7cd2cfe9c960790') in 0.022101 seconds 
  Import took 0.025892 seconds .

========================================================================
Received Import Request.
  Time since last request: 0.000336 seconds.
  path: Assets/Tiles/sheet_14.asset
  artifactKey: Guid(578029e7089eaf84e8ace460a4a4f1fb) Importer(815301076,1909f56bfc062723c751e8b465ee728b)
Start importing Assets/Tiles/sheet_14.asset using Guid(578029e7089eaf84e8ace460a4a4f1fb) Importer(815301076,1909f56bfc062723c751e8b465ee728b)  -> (artifact id: 'd624a50291adcac0e7575628f8a11542') in 0.010492 seconds 
  Import took 0.013922 seconds .

========================================================================
Received Import Request.
  Time since last request: 0.000335 seconds.
  path: Assets/Tiles/sheet_76.asset
  artifactKey: Guid(5940fd3649d9c1042adfe5b884590021) Importer(815301076,1909f56bfc062723c751e8b465ee728b)
Start importing Assets/Tiles/sheet_76.asset using Guid(5940fd3649d9c1042adfe5b884590021) Importer(815301076,1909f56bfc062723c751e8b465ee728b)  -> (artifact id: 'b592ecd09592f437c67aa5b5fd21e870') in 0.011471 seconds 
  Import took 0.016105 seconds .

========================================================================
Received Import Request.
  Time since last request: 0.000306 seconds.
  path: Assets/Tiles/sheet_38.asset
  artifactKey: Guid(f7fa0614071bf6f4295baa2281bd2050) Importer(815301076,1909f56bfc062723c751e8b465ee728b)
Start importing Assets/Tiles/sheet_38.asset using Guid(f7fa0614071bf6f4295baa2281bd2050) Importer(815301076,1909f56bfc062723c751e8b465ee728b)  -> (artifact id: 'c2ce0f3196fd911459d134613ff68773') in 0.011457 seconds 
  Import took 0.015519 seconds .

========================================================================
Received Import Request.
  Time since last request: 0.000307 seconds.
  path: Assets/Tiles/sheet_27.asset
  artifactKey: Guid(ed185d85a545d0c4b929adab5b0c05b6) Importer(815301076,1909f56bfc062723c751e8b465ee728b)
Start importing Assets/Tiles/sheet_27.asset using Guid(ed185d85a545d0c4b929adab5b0c05b6) Importer(815301076,1909f56bfc062723c751e8b465ee728b)  -> (artifact id: '25ddf6d5fea917590eecb2c845dac5a6') in 0.010639 seconds 
  Import took 0.014580 seconds .

========================================================================
Received Import Request.
  Time since last request: 0.000341 seconds.
  path: Assets/Tiles/sheet_65.asset
  artifactKey: Guid(21604806c5edac94389ea02ce768b843) Importer(815301076,1909f56bfc062723c751e8b465ee728b)
Start importing Assets/Tiles/sheet_65.asset using Guid(21604806c5edac94389ea02ce768b843) Importer(815301076,1909f56bfc062723c751e8b465ee728b)  -> (artifact id: 'fe055d5d05a86ece75462b7f5f2a4974') in 0.010386 seconds 
  Import took 0.014992 seconds .

========================================================================
Received Import Request.
  Time since last request: 0.000419 seconds.
  path: Assets/Tiles/sheet_13.asset
  artifactKey: Guid(a8f4d7b5278147a43845356324db869e) Importer(815301076,1909f56bfc062723c751e8b465ee728b)
Start importing Assets/Tiles/sheet_13.asset using Guid(a8f4d7b5278147a43845356324db869e) Importer(815301076,1909f56bfc062723c751e8b465ee728b)  -> (artifact id: 'e4cb098934d72fb9df3140f8c44f5a5a') in 0.010511 seconds 
  Import took 0.014263 seconds .

========================================================================
Received Import Request.
  Time since last request: 0.000379 seconds.
  path: Assets/Tiles/sheet_3.asset
  artifactKey: Guid(acc3eb010e3ce2440ab6cf89534a1aea) Importer(815301076,1909f56bfc062723c751e8b465ee728b)
Start importing Assets/Tiles/sheet_3.asset using Guid(acc3eb010e3ce2440ab6cf89534a1aea) Importer(815301076,1909f56bfc062723c751e8b465ee728b)  -> (artifact id: 'cab1e64f0b5fb0824ce988068a40a942') in 0.010247 seconds 
  Import took 0.014070 seconds .

========================================================================
Received Import Request.
  Time since last request: 0.000264 seconds.
  path: Assets/Tiles/sheet_31.asset
  artifactKey: Guid(03286b30e13067f408f7ad3c5edb174d) Importer(815301076,1909f56bfc062723c751e8b465ee728b)
Start importing Assets/Tiles/sheet_31.asset using Guid(03286b30e13067f408f7ad3c5edb174d) Importer(815301076,1909f56bfc062723c751e8b465ee728b)  -> (artifact id: 'c913501cd80db64080abacf0995066ef') in 0.011001 seconds 
  Import took 0.015064 seconds .

========================================================================
Received Import Request.
  Time since last request: 0.000350 seconds.
  path: Assets/Tiles/sheet_64.asset
  artifactKey: Guid(e8536eb8cdbbb34449246062e6cf23d5) Importer(815301076,1909f56bfc062723c751e8b465ee728b)
Start importing Assets/Tiles/sheet_64.asset using Guid(e8536eb8cdbbb34449246062e6cf23d5) Importer(815301076,1909f56bfc062723c751e8b465ee728b)  -> (artifact id: 'd7685cb3ab730e3b291d24bfd54f4383') in 0.010606 seconds 
  Import took 0.014964 seconds .

========================================================================
Received Import Request.
  Time since last request: 0.000477 seconds.
  path: Assets/Tiles/sheet_79.asset
  artifactKey: Guid(87a2715fa46157e419b8403ac98e3167) Importer(815301076,1909f56bfc062723c751e8b465ee728b)
Start importing Assets/Tiles/sheet_79.asset using Guid(87a2715fa46157e419b8403ac98e3167) Importer(815301076,1909f56bfc062723c751e8b465ee728b)  -> (artifact id: 'e3944d74a8342eb9ce8304f6fe757c67') in 0.011419 seconds 
  Import took 0.015335 seconds .

========================================================================
Received Import Request.
  Time since last request: 0.000303 seconds.
  path: Assets/Tiles/sheet_6.asset
  artifactKey: Guid(155c2d8da8174764cb6493ccb0d01ab4) Importer(815301076,1909f56bfc062723c751e8b465ee728b)
Start importing Assets/Tiles/sheet_6.asset using Guid(155c2d8da8174764cb6493ccb0d01ab4) Importer(815301076,1909f56bfc062723c751e8b465ee728b)  -> (artifact id: '3ead88e8f10865430ccb2196e3bb243b') in 0.011085 seconds 
  Import took 0.015509 seconds .

========================================================================
Received Import Request.
  Time since last request: 0.000324 seconds.
  path: Assets/Tiles/sheet_49.asset
  artifactKey: Guid(77c344c322b1f844bacea825325b96ea) Importer(815301076,1909f56bfc062723c751e8b465ee728b)
Start importing Assets/Tiles/sheet_49.asset using Guid(77c344c322b1f844bacea825325b96ea) Importer(815301076,1909f56bfc062723c751e8b465ee728b)  -> (artifact id: '9a0e6e0739255efe3706137bac80200a') in 0.011125 seconds 
  Import took 0.015318 seconds .

========================================================================
Received Import Request.
  Time since last request: 0.000366 seconds.
  path: Assets/Tiles/sheet_53.asset
  artifactKey: Guid(414afca162f385f47af5f9bdf8befe55) Importer(815301076,1909f56bfc062723c751e8b465ee728b)
Start importing Assets/Tiles/sheet_53.asset using Guid(414afca162f385f47af5f9bdf8befe55) Importer(815301076,1909f56bfc062723c751e8b465ee728b)  -> (artifact id: 'a99f405d73b3ce6c65371990679b56f7') in 0.011717 seconds 
  Import took 0.016065 seconds .

========================================================================
Received Import Request.
  Time since last request: 0.000297 seconds.
  path: Assets/Tiles/sheet_28.asset
  artifactKey: Guid(252350fb4a134cb429b10eac3d487d3d) Importer(815301076,1909f56bfc062723c751e8b465ee728b)
Start importing Assets/Tiles/sheet_28.asset using Guid(252350fb4a134cb429b10eac3d487d3d) Importer(815301076,1909f56bfc062723c751e8b465ee728b)  -> (artifact id: '574ae8495de524bfd692deef0428dfb3') in 0.009943 seconds 
  Import took 0.013825 seconds .

========================================================================
Received Import Request.
  Time since last request: 0.000260 seconds.
  path: Assets/Tiles/sheet_71.asset
  artifactKey: Guid(a27e46353572d1749bb7ea0930369796) Importer(815301076,1909f56bfc062723c751e8b465ee728b)
Start importing Assets/Tiles/sheet_71.asset using Guid(a27e46353572d1749bb7ea0930369796) Importer(815301076,1909f56bfc062723c751e8b465ee728b)  -> (artifact id: 'a908e5615824f1e17b8761c679569346') in 0.011274 seconds 
  Import took 0.015903 seconds .

========================================================================
Received Import Request.
  Time since last request: 0.000350 seconds.
  path: Assets/Tiles/sheet_7.asset
  artifactKey: Guid(c100bc52b4e7ff34abb323ee592a1a6a) Importer(815301076,1909f56bfc062723c751e8b465ee728b)
Start importing Assets/Tiles/sheet_7.asset using Guid(c100bc52b4e7ff34abb323ee592a1a6a) Importer(815301076,1909f56bfc062723c751e8b465ee728b)  -> (artifact id: 'a8bb7aa13229684210194969093ba139') in 0.009847 seconds 
  Import took 0.014036 seconds .

========================================================================
Received Import Request.
  Time since last request: 0.000335 seconds.
  path: Assets/Tiles/sheet_46.asset
  artifactKey: Guid(634558d8da8109e4b8aa41d649cb355f) Importer(815301076,1909f56bfc062723c751e8b465ee728b)
Start importing Assets/Tiles/sheet_46.asset using Guid(634558d8da8109e4b8aa41d649cb355f) Importer(815301076,1909f56bfc062723c751e8b465ee728b)  -> (artifact id: '6150cbabc5e5eec1737ffc587c360b9b') in 0.011084 seconds 
  Import took 0.015439 seconds .

========================================================================
Received Import Request.
  Time since last request: 0.000357 seconds.
  path: Assets/Tiles/sheet_48.asset
  artifactKey: Guid(e5fccf711d89ddc4a931bccfd073080e) Importer(815301076,1909f56bfc062723c751e8b465ee728b)
Start importing Assets/Tiles/sheet_48.asset using Guid(e5fccf711d89ddc4a931bccfd073080e) Importer(815301076,1909f56bfc062723c751e8b465ee728b)  -> (artifact id: '294ace3772810d69d41995f4e14167e7') in 0.009964 seconds 
  Import took 0.014483 seconds .

========================================================================
Received Import Request.
  Time since last request: 0.000358 seconds.
  path: Assets/Tiles/sheet_1.asset
  artifactKey: Guid(f6402f809e85c0e4fa3729a3f2f4e78a) Importer(815301076,1909f56bfc062723c751e8b465ee728b)
Start importing Assets/Tiles/sheet_1.asset using Guid(f6402f809e85c0e4fa3729a3f2f4e78a) Importer(815301076,1909f56bfc062723c751e8b465ee728b)  -> (artifact id: 'e05880a2c124fcd437303e41ccf17e47') in 0.010780 seconds 
  Import took 0.015032 seconds .

========================================================================
Received Import Request.
  Time since last request: 0.000260 seconds.
  path: Assets/Tiles/sheet_40.asset
  artifactKey: Guid(e2c2281c250278e4bb011702d9f3385c) Importer(815301076,1909f56bfc062723c751e8b465ee728b)
Start importing Assets/Tiles/sheet_40.asset using Guid(e2c2281c250278e4bb011702d9f3385c) Importer(815301076,1909f56bfc062723c751e8b465ee728b)  -> (artifact id: '1fd8f54b71688c15c13a4fff6ddff048') in 0.010149 seconds 
  Import took 0.013908 seconds .

========================================================================
Received Import Request.
  Time since last request: 0.000260 seconds.
  path: Assets/Tiles/sheet_44.asset
  artifactKey: Guid(8abc509988ded4d4bbc3cd4656b88f4c) Importer(815301076,1909f56bfc062723c751e8b465ee728b)
Start importing Assets/Tiles/sheet_44.asset using Guid(8abc509988ded4d4bbc3cd4656b88f4c) Importer(815301076,1909f56bfc062723c751e8b465ee728b)  -> (artifact id: '0a040854426ad21d6a99e647d451994d') in 0.010654 seconds 
  Import took 0.014961 seconds .

========================================================================
Received Import Request.
  Time since last request: 0.000367 seconds.
  path: Assets/Tiles/sheet_20.asset
  artifactKey: Guid(47a07eb61d1f3204d9b47796d33d32d9) Importer(815301076,1909f56bfc062723c751e8b465ee728b)
Start importing Assets/Tiles/sheet_20.asset using Guid(47a07eb61d1f3204d9b47796d33d32d9) Importer(815301076,1909f56bfc062723c751e8b465ee728b)  -> (artifact id: 'e25b0204eaadd2c6ce77735cb205f549') in 0.010760 seconds 
  Import took 0.015284 seconds .

========================================================================
Received Import Request.
  Time since last request: 0.000358 seconds.
  path: Assets/Tiles/sheet_30.asset
  artifactKey: Guid(3daf55434e6552c478f575afe1b1f6ff) Importer(815301076,1909f56bfc062723c751e8b465ee728b)
Start importing Assets/Tiles/sheet_30.asset using Guid(3daf55434e6552c478f575afe1b1f6ff) Importer(815301076,1909f56bfc062723c751e8b465ee728b)  -> (artifact id: '4a113211a1b8e6a5a5ddcd7d62cec105') in 0.010862 seconds 
  Import took 0.014785 seconds .

========================================================================
Received Import Request.
  Time since last request: 0.000356 seconds.
  path: Assets/Tiles/sheet_45.asset
  artifactKey: Guid(6a6cdaf8e4790fb478595197ee61355b) Importer(815301076,1909f56bfc062723c751e8b465ee728b)
Start importing Assets/Tiles/sheet_45.asset using Guid(6a6cdaf8e4790fb478595197ee61355b) Importer(815301076,1909f56bfc062723c751e8b465ee728b)  -> (artifact id: '8fd88a09cff395c12bd925345d94f9f8') in 0.009375 seconds 
  Import took 0.013529 seconds .

========================================================================
Received Import Request.
  Time since last request: 0.000285 seconds.
  path: Assets/Tiles/sheet_72.asset
  artifactKey: Guid(2d99b3dd1813a2a45b195e29e6ca7021) Importer(815301076,1909f56bfc062723c751e8b465ee728b)
Start importing Assets/Tiles/sheet_72.asset using Guid(2d99b3dd1813a2a45b195e29e6ca7021) Importer(815301076,1909f56bfc062723c751e8b465ee728b)  -> (artifact id: 'c655f0c51c1cf05f69346f7dc25cacf1') in 0.009939 seconds 
  Import took 0.013774 seconds .

========================================================================
Received Import Request.
  Time since last request: 0.000350 seconds.
  path: Assets/Tiles/sheet_67.asset
  artifactKey: Guid(6dab443bff98cb943b1f3ee30f1cb280) Importer(815301076,1909f56bfc062723c751e8b465ee728b)
Start importing Assets/Tiles/sheet_67.asset using Guid(6dab443bff98cb943b1f3ee30f1cb280) Importer(815301076,1909f56bfc062723c751e8b465ee728b)  -> (artifact id: '487aba0f67415b8b6d3e76131ecc28e2') in 0.010858 seconds 
  Import took 0.015012 seconds .

========================================================================
Received Import Request.
  Time since last request: 0.000241 seconds.
  path: Assets/Tiles/sheet_52.asset
  artifactKey: Guid(b494540565c4bd543a25ef024731828f) Importer(815301076,1909f56bfc062723c751e8b465ee728b)
Start importing Assets/Tiles/sheet_52.asset using Guid(b494540565c4bd543a25ef024731828f) Importer(815301076,1909f56bfc062723c751e8b465ee728b)  -> (artifact id: '2eb43470e6373c245d945f53cb8cfc3d') in 0.009721 seconds 
  Import took 0.013605 seconds .

========================================================================
Received Import Request.
  Time since last request: 0.000352 seconds.
  path: Assets/Tiles/sheet_12.asset
  artifactKey: Guid(74b07a7a6372dde419bc9d8049c50d88) Importer(815301076,1909f56bfc062723c751e8b465ee728b)
Start importing Assets/Tiles/sheet_12.asset using Guid(74b07a7a6372dde419bc9d8049c50d88) Importer(815301076,1909f56bfc062723c751e8b465ee728b)  -> (artifact id: 'bfe4adf5551bc93aecdda1811cc24ac7') in 0.010387 seconds 
  Import took 0.014563 seconds .

========================================================================
Received Import Request.
  Time since last request: 0.000310 seconds.
  path: Assets/Tiles/sheet_11.asset
  artifactKey: Guid(06eb3d4eb31cc1f40a1094a736a6e7aa) Importer(815301076,1909f56bfc062723c751e8b465ee728b)
Start importing Assets/Tiles/sheet_11.asset using Guid(06eb3d4eb31cc1f40a1094a736a6e7aa) Importer(815301076,1909f56bfc062723c751e8b465ee728b)  -> (artifact id: 'c474a67fd3c88ae1a5d46d06a2e557b2') in 0.009795 seconds 
  Import took 0.013818 seconds .

========================================================================
Received Import Request.
  Time since last request: 0.000274 seconds.
  path: Assets/Tiles/sheet_54.asset
  artifactKey: Guid(dc6022b6f8ad3fd4b808e816677430c1) Importer(815301076,1909f56bfc062723c751e8b465ee728b)
Start importing Assets/Tiles/sheet_54.asset using Guid(dc6022b6f8ad3fd4b808e816677430c1) Importer(815301076,1909f56bfc062723c751e8b465ee728b)  -> (artifact id: 'a8ec7492be8df60cfb58f5190c22a742') in 0.010446 seconds 
  Import took 0.014549 seconds .

========================================================================
Received Import Request.
  Time since last request: 0.000286 seconds.
  path: Assets/Tiles/sheet_5.asset
  artifactKey: Guid(c090dece7d2d4f14784b58b9b49ce844) Importer(815301076,1909f56bfc062723c751e8b465ee728b)
Start importing Assets/Tiles/sheet_5.asset using Guid(c090dece7d2d4f14784b58b9b49ce844) Importer(815301076,1909f56bfc062723c751e8b465ee728b)  -> (artifact id: '0219ed34dc644e1225ff6edd9fafd352') in 0.010537 seconds 
  Import took 0.014117 seconds .

========================================================================
Received Import Request.
  Time since last request: 0.000283 seconds.
  path: Assets/Tiles/sheet_22.asset
  artifactKey: Guid(9b6b5469bbd8a6c4d98441487cbe4a23) Importer(815301076,1909f56bfc062723c751e8b465ee728b)
Start importing Assets/Tiles/sheet_22.asset using Guid(9b6b5469bbd8a6c4d98441487cbe4a23) Importer(815301076,1909f56bfc062723c751e8b465ee728b)  -> (artifact id: '4c1ae3b75939cd8615852765a78ddeb4') in 0.010845 seconds 
  Import took 0.014986 seconds .

========================================================================
Received Import Request.
  Time since last request: 0.000223 seconds.
  path: Assets/Tiles/sheet_26.asset
  artifactKey: Guid(c704d7e4a8dc0444d83d9affad43b3ae) Importer(815301076,1909f56bfc062723c751e8b465ee728b)
Start importing Assets/Tiles/sheet_26.asset using Guid(c704d7e4a8dc0444d83d9affad43b3ae) Importer(815301076,1909f56bfc062723c751e8b465ee728b)  -> (artifact id: '06ff48a8a560384dd52b6f276ba1a0b1') in 0.011372 seconds 
  Import took 0.015464 seconds .

========================================================================
Received Import Request.
  Time since last request: 0.000322 seconds.
  path: Assets/Tiles/sheet_59.asset
  artifactKey: Guid(e3f8fb2e386eab9458127ade07b77456) Importer(815301076,1909f56bfc062723c751e8b465ee728b)
Start importing Assets/Tiles/sheet_59.asset using Guid(e3f8fb2e386eab9458127ade07b77456) Importer(815301076,1909f56bfc062723c751e8b465ee728b)  -> (artifact id: 'dc68a853a0b3d302683d187b1efc333d') in 0.011159 seconds 
  Import took 0.014740 seconds .

========================================================================
Received Import Request.
  Time since last request: 0.000230 seconds.
  path: Assets/Tiles/sheet_58.asset
  artifactKey: Guid(d3ee00bbe0633194d94aff6269d00816) Importer(815301076,1909f56bfc062723c751e8b465ee728b)
Start importing Assets/Tiles/sheet_58.asset using Guid(d3ee00bbe0633194d94aff6269d00816) Importer(815301076,1909f56bfc062723c751e8b465ee728b)  -> (artifact id: 'fb4a1b0ab053c9d042d53d4dabab9a68') in 0.010901 seconds 
  Import took 0.014902 seconds .

========================================================================
Received Import Request.
  Time since last request: 0.000265 seconds.
  path: Assets/Tiles/sheet_78.asset
  artifactKey: Guid(e5f4109a71e97fb41b60885e93ad870a) Importer(815301076,1909f56bfc062723c751e8b465ee728b)
Start importing Assets/Tiles/sheet_78.asset using Guid(e5f4109a71e97fb41b60885e93ad870a) Importer(815301076,1909f56bfc062723c751e8b465ee728b)  -> (artifact id: '3d58a8051a273c29ce9cfd20dddfca5d') in 0.010531 seconds 
  Import took 0.014790 seconds .

========================================================================
Received Import Request.
  Time since last request: 0.000231 seconds.
  path: Assets/Tiles/sheet_10.asset
  artifactKey: Guid(5414d48c801b1db439d4f3352fb759fe) Importer(815301076,1909f56bfc062723c751e8b465ee728b)
Start importing Assets/Tiles/sheet_10.asset using Guid(5414d48c801b1db439d4f3352fb759fe) Importer(815301076,1909f56bfc062723c751e8b465ee728b)  -> (artifact id: '12fb36d68c9b3aa6494ff5c771c96f64') in 0.010034 seconds 
  Import took 0.014193 seconds .

========================================================================
Received Import Request.
  Time since last request: 0.000298 seconds.
  path: Assets/Tiles/sheet_57.asset
  artifactKey: Guid(621c33a2bd51327438ba4ddae229e1f6) Importer(815301076,1909f56bfc062723c751e8b465ee728b)
Start importing Assets/Tiles/sheet_57.asset using Guid(621c33a2bd51327438ba4ddae229e1f6) Importer(815301076,1909f56bfc062723c751e8b465ee728b)  -> (artifact id: '5c36fadb44316ae2ff39ab3cf43d3c26') in 0.013018 seconds 
  Import took 0.016616 seconds .

========================================================================
Received Import Request.
  Time since last request: 0.000243 seconds.
  path: Assets/Tiles/sheet_69.asset
  artifactKey: Guid(c8ea655e31bbc9e40bea67452ddaee24) Importer(815301076,1909f56bfc062723c751e8b465ee728b)
Start importing Assets/Tiles/sheet_69.asset using Guid(c8ea655e31bbc9e40bea67452ddaee24) Importer(815301076,1909f56bfc062723c751e8b465ee728b)  -> (artifact id: '8f2eef1c416526e75abb456d1fd2850c') in 0.011913 seconds 
  Import took 0.016861 seconds .

========================================================================
Received Import Request.
  Time since last request: 0.000251 seconds.
  path: Assets/Tiles/sheet_50.asset
  artifactKey: Guid(2516891c51a91524b96762116bfa39df) Importer(815301076,1909f56bfc062723c751e8b465ee728b)
Start importing Assets/Tiles/sheet_50.asset using Guid(2516891c51a91524b96762116bfa39df) Importer(815301076,1909f56bfc062723c751e8b465ee728b)  -> (artifact id: '27e306e2302ef7871fb751593880b010') in 0.010753 seconds 
  Import took 0.014881 seconds .

========================================================================
Received Import Request.
  Time since last request: 0.000281 seconds.
  path: Assets/Tiles/sheet_37.asset
  artifactKey: Guid(3164d51bfc9e7fe4a916279ef55ae982) Importer(815301076,1909f56bfc062723c751e8b465ee728b)
Start importing Assets/Tiles/sheet_37.asset using Guid(3164d51bfc9e7fe4a916279ef55ae982) Importer(815301076,1909f56bfc062723c751e8b465ee728b)  -> (artifact id: 'c87dea68c803d619322a2c38fdf7e194') in 0.011974 seconds 
  Import took 0.015870 seconds .

========================================================================
Received Import Request.
  Time since last request: 0.000263 seconds.
  path: Assets/Tiles/sheet_35.asset
  artifactKey: Guid(95fa27e7129937747b19ed7a898210a7) Importer(815301076,1909f56bfc062723c751e8b465ee728b)
Start importing Assets/Tiles/sheet_35.asset using Guid(95fa27e7129937747b19ed7a898210a7) Importer(815301076,1909f56bfc062723c751e8b465ee728b)  -> (artifact id: '3205fb4df5f434d23f57b6d73172bd46') in 0.010813 seconds 
  Import took 0.014876 seconds .

========================================================================
Received Import Request.
  Time since last request: 0.000272 seconds.
  path: Assets/Tiles/sheet_61.asset
  artifactKey: Guid(26586b3c4fdc0de478654a0fdd6c6691) Importer(815301076,1909f56bfc062723c751e8b465ee728b)
Start importing Assets/Tiles/sheet_61.asset using Guid(26586b3c4fdc0de478654a0fdd6c6691) Importer(815301076,1909f56bfc062723c751e8b465ee728b)  -> (artifact id: 'e351bf7f2e49d42d4655c69a5a3d936e') in 0.011787 seconds 
  Import took 0.015680 seconds .

========================================================================
Received Import Request.
  Time since last request: 0.000297 seconds.
  path: Assets/Tiles/sheet_39.asset
  artifactKey: Guid(7bacec807263d7d46a38eaeff7dc185a) Importer(815301076,1909f56bfc062723c751e8b465ee728b)
Start importing Assets/Tiles/sheet_39.asset using Guid(7bacec807263d7d46a38eaeff7dc185a) Importer(815301076,1909f56bfc062723c751e8b465ee728b)  -> (artifact id: 'a912a0e7af83c07b9a7fec1574627e7e') in 0.011173 seconds 
  Import took 0.014827 seconds .

========================================================================
Received Import Request.
  Time since last request: 0.000264 seconds.
  path: Assets/Tiles/sheet_70.asset
  artifactKey: Guid(896f7885919f7fd41860879579917ade) Importer(815301076,1909f56bfc062723c751e8b465ee728b)
Start importing Assets/Tiles/sheet_70.asset using Guid(896f7885919f7fd41860879579917ade) Importer(815301076,1909f56bfc062723c751e8b465ee728b)  -> (artifact id: '8c6ef52d38265e610b1c815d47d7c61a') in 0.012934 seconds 
  Import took 0.017074 seconds .

========================================================================
Received Import Request.
  Time since last request: 0.000214 seconds.
  path: Assets/Tiles/sheet_16.asset
  artifactKey: Guid(84c72a98a1ecf114ab80cba248fd6fb6) Importer(815301076,1909f56bfc062723c751e8b465ee728b)
Start importing Assets/Tiles/sheet_16.asset using Guid(84c72a98a1ecf114ab80cba248fd6fb6) Importer(815301076,1909f56bfc062723c751e8b465ee728b)  -> (artifact id: '7b817ef38ea71d47a5119c3c8af8d7a2') in 0.010734 seconds 
  Import took 0.014370 seconds .

========================================================================
Received Import Request.
  Time since last request: 0.000282 seconds.
  path: Assets/Tiles/sheet_47.asset
  artifactKey: Guid(8832f1dc61fbaf04a8050d89be69c9a5) Importer(815301076,1909f56bfc062723c751e8b465ee728b)
Start importing Assets/Tiles/sheet_47.asset using Guid(8832f1dc61fbaf04a8050d89be69c9a5) Importer(815301076,1909f56bfc062723c751e8b465ee728b)  -> (artifact id: '2b3f77b496463dac1fc1b5c644301da2') in 0.010330 seconds 
  Import took 0.014220 seconds .

========================================================================
Received Import Request.
  Time since last request: 0.000191 seconds.
  path: Assets/Tiles/sheet_42.asset
  artifactKey: Guid(c000190dd738881469b3c63162a4be18) Importer(815301076,1909f56bfc062723c751e8b465ee728b)
Start importing Assets/Tiles/sheet_42.asset using Guid(c000190dd738881469b3c63162a4be18) Importer(815301076,1909f56bfc062723c751e8b465ee728b)  -> (artifact id: '53a203272e38390593631a22f4fef2f0') in 0.011704 seconds 
  Import took 0.016081 seconds .

========================================================================
Received Import Request.
  Time since last request: 0.000284 seconds.
  path: Assets/Tiles/sheet_62.asset
  artifactKey: Guid(5c40fdd5a49ce1b4e9f6cdb113d284bd) Importer(815301076,1909f56bfc062723c751e8b465ee728b)
Start importing Assets/Tiles/sheet_62.asset using Guid(5c40fdd5a49ce1b4e9f6cdb113d284bd) Importer(815301076,1909f56bfc062723c751e8b465ee728b)  -> (artifact id: 'e86827face26755b5a81aef97079ef6b') in 0.010140 seconds 
  Import took 0.014279 seconds .

========================================================================
Received Import Request.
  Time since last request: 0.000221 seconds.
  path: Assets/Tiles/sheet_60.asset
  artifactKey: Guid(e145af397ad4a39488563724c53bbfd0) Importer(815301076,1909f56bfc062723c751e8b465ee728b)
Start importing Assets/Tiles/sheet_60.asset using Guid(e145af397ad4a39488563724c53bbfd0) Importer(815301076,1909f56bfc062723c751e8b465ee728b)  -> (artifact id: '2d0b42b611fd285ad1e2c35d7cfd87b1') in 0.010769 seconds 
  Import took 0.014655 seconds .

========================================================================
Received Import Request.
  Time since last request: 0.000276 seconds.
  path: Assets/Tiles/sheet_36.asset
  artifactKey: Guid(3a140a91346d2a846b83e42fe688b01f) Importer(815301076,1909f56bfc062723c751e8b465ee728b)
Start importing Assets/Tiles/sheet_36.asset using Guid(3a140a91346d2a846b83e42fe688b01f) Importer(815301076,1909f56bfc062723c751e8b465ee728b)  -> (artifact id: 'a26bd33ebd22be31ea5eb6d2489bd523') in 0.010512 seconds 
  Import took 0.014491 seconds .

========================================================================
Received Import Request.
  Time since last request: 0.000314 seconds.
  path: Assets/Tiles/sheet_29.asset
  artifactKey: Guid(d55b7efe5067ca24ea29e0d35fc08cd6) Importer(815301076,1909f56bfc062723c751e8b465ee728b)
Start importing Assets/Tiles/sheet_29.asset using Guid(d55b7efe5067ca24ea29e0d35fc08cd6) Importer(815301076,1909f56bfc062723c751e8b465ee728b)  -> (artifact id: '841b84965ba1b883c1940b8f7e7847e4') in 0.010646 seconds 
  Import took 0.014986 seconds .

========================================================================
Received Import Request.
  Time since last request: 0.000309 seconds.
  path: Assets/Tiles/sheet_21.asset
  artifactKey: Guid(131bb8a8bd04c8e4a93b3c9fc039fef6) Importer(815301076,1909f56bfc062723c751e8b465ee728b)
Start importing Assets/Tiles/sheet_21.asset using Guid(131bb8a8bd04c8e4a93b3c9fc039fef6) Importer(815301076,1909f56bfc062723c751e8b465ee728b)  -> (artifact id: '4eea4e1eafb8038e6f704d740cd513ac') in 0.011533 seconds 
  Import took 0.015410 seconds .

========================================================================
Received Import Request.
  Time since last request: 0.000240 seconds.
  path: Assets/Tiles/sheet_17.asset
  artifactKey: Guid(de0372695fb380a4ca50e09b6b334d43) Importer(815301076,1909f56bfc062723c751e8b465ee728b)
Start importing Assets/Tiles/sheet_17.asset using Guid(de0372695fb380a4ca50e09b6b334d43) Importer(815301076,1909f56bfc062723c751e8b465ee728b)  -> (artifact id: 'eb507acdd08284c8834cc81396799bb5') in 0.009897 seconds 
  Import took 0.013882 seconds .

========================================================================
Received Import Request.
  Time since last request: 0.000218 seconds.
  path: Assets/Tiles/sheet_68.asset
  artifactKey: Guid(ef43479f5fdc47d4898b3d83db4ef66e) Importer(815301076,1909f56bfc062723c751e8b465ee728b)
Start importing Assets/Tiles/sheet_68.asset using Guid(ef43479f5fdc47d4898b3d83db4ef66e) Importer(815301076,1909f56bfc062723c751e8b465ee728b)  -> (artifact id: '8ec67b0458e8f67b68a840ecfa0c8b5c') in 0.010102 seconds 
  Import took 0.014490 seconds .

========================================================================
Received Import Request.
  Time since last request: 0.000234 seconds.
  path: Assets/Tiles/sheet_23.asset
  artifactKey: Guid(e9cd4f2fc405a9940b843f6bcefe4b70) Importer(815301076,1909f56bfc062723c751e8b465ee728b)
Start importing Assets/Tiles/sheet_23.asset using Guid(e9cd4f2fc405a9940b843f6bcefe4b70) Importer(815301076,1909f56bfc062723c751e8b465ee728b)  -> (artifact id: 'eb470e7994da1eddf6b212bc1ab18716') in 0.010362 seconds 
  Import took 0.014132 seconds .

========================================================================
Received Import Request.
  Time since last request: 0.000239 seconds.
  path: Assets/Tiles/sheet_66.asset
  artifactKey: Guid(e895c9916736f334484cabbbac747776) Importer(815301076,1909f56bfc062723c751e8b465ee728b)
Start importing Assets/Tiles/sheet_66.asset using Guid(e895c9916736f334484cabbbac747776) Importer(815301076,1909f56bfc062723c751e8b465ee728b)  -> (artifact id: '03bb850c5795c6449dafb73e77c695a3') in 0.010081 seconds 
  Import took 0.013796 seconds .

========================================================================
Received Import Request.
  Time since last request: 0.000277 seconds.
  path: Assets/Tiles/sheet_4.asset
  artifactKey: Guid(23a132d0c9e55c147b3122b511724a1f) Importer(815301076,1909f56bfc062723c751e8b465ee728b)
Start importing Assets/Tiles/sheet_4.asset using Guid(23a132d0c9e55c147b3122b511724a1f) Importer(815301076,1909f56bfc062723c751e8b465ee728b)  -> (artifact id: '72e5da148b7be07794672086ed98b976') in 0.008952 seconds 
  Import took 0.013012 seconds .

========================================================================
Received Import Request.
  Time since last request: 0.000252 seconds.
  path: Assets/Tiles/sheet_63.asset
  artifactKey: Guid(c1dbf0f3d7d734749b812ffe1a7fb777) Importer(815301076,1909f56bfc062723c751e8b465ee728b)
Start importing Assets/Tiles/sheet_63.asset using Guid(c1dbf0f3d7d734749b812ffe1a7fb777) Importer(815301076,1909f56bfc062723c751e8b465ee728b)  -> (artifact id: '96224e35d05663001cfaa8c7e55a0132') in 0.010429 seconds 
  Import took 0.014313 seconds .

========================================================================
Received Import Request.
  Time since last request: 0.000199 seconds.
  path: Assets/Tiles/sheet_74.asset
  artifactKey: Guid(eee21ab37630b1c43aa9c8a8640d9fe5) Importer(815301076,1909f56bfc062723c751e8b465ee728b)
Start importing Assets/Tiles/sheet_74.asset using Guid(eee21ab37630b1c43aa9c8a8640d9fe5) Importer(815301076,1909f56bfc062723c751e8b465ee728b)  -> (artifact id: 'ef872054b8c56883ce1722c755d5d38c') in 0.008677 seconds 
  Import took 0.012836 seconds .

========================================================================
Received Import Request.
  Time since last request: 0.000271 seconds.
  path: Assets/Tiles/sheet_24.asset
  artifactKey: Guid(92779e9e43d9db1488ec4f67c31739ce) Importer(815301076,1909f56bfc062723c751e8b465ee728b)
Start importing Assets/Tiles/sheet_24.asset using Guid(92779e9e43d9db1488ec4f67c31739ce) Importer(815301076,1909f56bfc062723c751e8b465ee728b)  -> (artifact id: 'b323d7a458385ba693da52b9bada34eb') in 0.010353 seconds 
  Import took 0.014751 seconds .

========================================================================
Received Import Request.
  Time since last request: 0.000189 seconds.
  path: Assets/Tiles/sheet_77.asset
  artifactKey: Guid(c1d26fb2de30d2d4b8bbbadcc57f990e) Importer(815301076,1909f56bfc062723c751e8b465ee728b)
Start importing Assets/Tiles/sheet_77.asset using Guid(c1d26fb2de30d2d4b8bbbadcc57f990e) Importer(815301076,1909f56bfc062723c751e8b465ee728b)  -> (artifact id: '33ca10b465cbe31b95f7340b9a5a9f9c') in 0.010170 seconds 
  Import took 0.013808 seconds .

========================================================================
Received Import Request.
  Time since last request: 0.000229 seconds.
  path: Assets/Tiles/sheet_8.asset
  artifactKey: Guid(591902652dcb9c34a98a8d21833cb045) Importer(815301076,1909f56bfc062723c751e8b465ee728b)
Start importing Assets/Tiles/sheet_8.asset using Guid(591902652dcb9c34a98a8d21833cb045) Importer(815301076,1909f56bfc062723c751e8b465ee728b)  -> (artifact id: '9f2cf3f85bee68d3ccbf3bdf89824e72') in 0.010231 seconds 
  Import took 0.013647 seconds .

========================================================================
Received Import Request.
  Time since last request: 0.000224 seconds.
  path: Assets/Tiles/sheet_34.asset
  artifactKey: Guid(885bfb966177216428d9d1968cc2a737) Importer(815301076,1909f56bfc062723c751e8b465ee728b)
Start importing Assets/Tiles/sheet_34.asset using Guid(885bfb966177216428d9d1968cc2a737) Importer(815301076,1909f56bfc062723c751e8b465ee728b)  -> (artifact id: '2f66da36ed0dffeb32503b51caa43b8c') in 0.009241 seconds 
  Import took 0.013122 seconds .

========================================================================
Received Import Request.
  Time since last request: 0.000224 seconds.
  path: Assets/Tiles/sheet_55.asset
  artifactKey: Guid(b40d193038d61ab42b5dbafc81e89623) Importer(815301076,1909f56bfc062723c751e8b465ee728b)
Start importing Assets/Tiles/sheet_55.asset using Guid(b40d193038d61ab42b5dbafc81e89623) Importer(815301076,1909f56bfc062723c751e8b465ee728b)  -> (artifact id: '65cdb3b19520b11502e7b84427ac08d1') in 0.009316 seconds 
  Import took 0.013153 seconds .

========================================================================
Received Import Request.
  Time since last request: 0.000205 seconds.
  path: Assets/Tiles/sheet_75.asset
  artifactKey: Guid(301ab6393e4aa7641879d42eaeec9b04) Importer(815301076,1909f56bfc062723c751e8b465ee728b)
Start importing Assets/Tiles/sheet_75.asset using Guid(301ab6393e4aa7641879d42eaeec9b04) Importer(815301076,1909f56bfc062723c751e8b465ee728b)  -> (artifact id: 'd9f43988b50bdd6bf8636f364c176c7a') in 0.008766 seconds 
  Import took 0.012666 seconds .

========================================================================
Received Import Request.
  Time since last request: 0.000238 seconds.
  path: Assets/Tiles/sheet_9.asset
  artifactKey: Guid(86e1700ca4ba56245ae16ac35011cc13) Importer(815301076,1909f56bfc062723c751e8b465ee728b)
Start importing Assets/Tiles/sheet_9.asset using Guid(86e1700ca4ba56245ae16ac35011cc13) Importer(815301076,1909f56bfc062723c751e8b465ee728b)  -> (artifact id: 'd4aeb466d31c31905f2e5dcee65b6d86') in 0.010203 seconds 
  Import took 0.014288 seconds .

========================================================================
Received Import Request.
  Time since last request: 0.000252 seconds.
  path: Assets/Tiles/sheet_19.asset
  artifactKey: Guid(c3cd1b37f9ad6a849b0b7efdeb51ba98) Importer(815301076,1909f56bfc062723c751e8b465ee728b)
Start importing Assets/Tiles/sheet_19.asset using Guid(c3cd1b37f9ad6a849b0b7efdeb51ba98) Importer(815301076,1909f56bfc062723c751e8b465ee728b)  -> (artifact id: '7ef1e562a812fedb71ca9caba24de68d') in 0.010893 seconds 
  Import took 0.014680 seconds .

========================================================================
Received Import Request.
  Time since last request: 0.000208 seconds.
  path: Assets/Tiles/sheet_25.asset
  artifactKey: Guid(f0b27520965111548b178442242b7267) Importer(815301076,1909f56bfc062723c751e8b465ee728b)
Start importing Assets/Tiles/sheet_25.asset using Guid(f0b27520965111548b178442242b7267) Importer(815301076,1909f56bfc062723c751e8b465ee728b)  -> (artifact id: 'fdc24b507f21d40dc3ec0379938e7697') in 0.009226 seconds 
  Import took 0.012772 seconds .

========================================================================
Received Import Request.
  Time since last request: 0.000213 seconds.
  path: Assets/Tiles/sheet_33.asset
  artifactKey: Guid(885231a14b253ea4ba94b9fb1dd2630a) Importer(815301076,1909f56bfc062723c751e8b465ee728b)
Start importing Assets/Tiles/sheet_33.asset using Guid(885231a14b253ea4ba94b9fb1dd2630a) Importer(815301076,1909f56bfc062723c751e8b465ee728b)  -> (artifact id: 'e4cf50feb82888304c786be447f8cbcd') in 0.009314 seconds 
  Import took 0.012931 seconds .

========================================================================
Received Import Request.
  Time since last request: 0.000219 seconds.
  path: Assets/Tiles/sheet_32.asset
  artifactKey: Guid(6f507ec8ef89ae24ca7c876c7ff79351) Importer(815301076,1909f56bfc062723c751e8b465ee728b)
Start importing Assets/Tiles/sheet_32.asset using Guid(6f507ec8ef89ae24ca7c876c7ff79351) Importer(815301076,1909f56bfc062723c751e8b465ee728b)  -> (artifact id: '3cdafc6dc6a8344bf2cb78f93d379be6') in 0.009866 seconds 
  Import took 0.014381 seconds .

========================================================================
Received Import Request.
  Time since last request: 0.000229 seconds.
  path: Assets/Tiles/sheet_41.asset
  artifactKey: Guid(95f2adb07fff5e34e81c0e5bfe3bc26e) Importer(815301076,1909f56bfc062723c751e8b465ee728b)
Start importing Assets/Tiles/sheet_41.asset using Guid(95f2adb07fff5e34e81c0e5bfe3bc26e) Importer(815301076,1909f56bfc062723c751e8b465ee728b)  -> (artifact id: 'aaaf7d5ced5fad0c06e4f5c438b712b0') in 0.008847 seconds 
  Import took 0.012613 seconds .

========================================================================
Received Import Request.
  Time since last request: 0.000288 seconds.
  path: Assets/Tiles/sheet_15.asset
  artifactKey: Guid(06e46ed528780464392b394acd017874) Importer(815301076,1909f56bfc062723c751e8b465ee728b)
Start importing Assets/Tiles/sheet_15.asset using Guid(06e46ed528780464392b394acd017874) Importer(815301076,1909f56bfc062723c751e8b465ee728b)  -> (artifact id: '1dccd2a27d3ecb9624af909a55e741ff') in 0.009809 seconds 
  Import took 0.014055 seconds .

========================================================================
Received Import Request.
  Time since last request: 0.000245 seconds.
  path: Assets/Tiles/sheet_51.asset
  artifactKey: Guid(e27b9bacfb314bb4d80c8a6087978e23) Importer(815301076,1909f56bfc062723c751e8b465ee728b)
Start importing Assets/Tiles/sheet_51.asset using Guid(e27b9bacfb314bb4d80c8a6087978e23) Importer(815301076,1909f56bfc062723c751e8b465ee728b)  -> (artifact id: '39f61dcbfe934c435153fcfd2b16ef77') in 0.010065 seconds 
  Import took 0.013754 seconds .

========================================================================
Received Import Request.
  Time since last request: 0.000198 seconds.
  path: Assets/Tiles/sheet_73.asset
  artifactKey: Guid(3f682fcdadcaf7f428f0bcd027cf6813) Importer(815301076,1909f56bfc062723c751e8b465ee728b)
Start importing Assets/Tiles/sheet_73.asset using Guid(3f682fcdadcaf7f428f0bcd027cf6813) Importer(815301076,1909f56bfc062723c751e8b465ee728b)  -> (artifact id: '40d0bbb44f9e3fea43c0f0a413592ce9') in 0.009551 seconds 
  Import took 0.013012 seconds .

========================================================================
Received Import Request.
  Time since last request: 0.000203 seconds.
  path: Assets/Tiles/sheet_43.asset
  artifactKey: Guid(d43eb6109c5b3054da023d3ea6af0f72) Importer(815301076,1909f56bfc062723c751e8b465ee728b)
Start importing Assets/Tiles/sheet_43.asset using Guid(d43eb6109c5b3054da023d3ea6af0f72) Importer(815301076,1909f56bfc062723c751e8b465ee728b)  -> (artifact id: '0a7677561b4b64d118124bfed54c66c8') in 0.009574 seconds 
  Import took 0.013170 seconds .

========================================================================
Received Import Request.
  Time since last request: 0.000221 seconds.
  path: Assets/Tiles/sheet_56.asset
  artifactKey: Guid(47fe3ecc3ec04194db2844d0cc19fb8f) Importer(815301076,1909f56bfc062723c751e8b465ee728b)
Start importing Assets/Tiles/sheet_56.asset using Guid(47fe3ecc3ec04194db2844d0cc19fb8f) Importer(815301076,1909f56bfc062723c751e8b465ee728b)  -> (artifact id: '98ce74f1a2f80dfe920dced8e5578469') in 0.009781 seconds 
  Import took 0.013511 seconds .

========================================================================
Received Import Request.
  Time since last request: 0.000205 seconds.
  path: Assets/Tiles/sheet_80.asset
  artifactKey: Guid(cad2c1c9c5c4eda4db6e4091a539d684) Importer(815301076,1909f56bfc062723c751e8b465ee728b)
Start importing Assets/Tiles/sheet_80.asset using Guid(cad2c1c9c5c4eda4db6e4091a539d684) Importer(815301076,1909f56bfc062723c751e8b465ee728b)  -> (artifact id: '934f4372c6a5fe16ddb6aa522d7a095d') in 0.009739 seconds 
  Import took 0.013504 seconds .

========================================================================
Received Import Request.
  Time since last request: 0.000225 seconds.
  path: Assets/Tiles/sheet_18.asset
  artifactKey: Guid(7c0c20c213801274186958b2dcb94e4b) Importer(815301076,1909f56bfc062723c751e8b465ee728b)
Start importing Assets/Tiles/sheet_18.asset using Guid(7c0c20c213801274186958b2dcb94e4b) Importer(815301076,1909f56bfc062723c751e8b465ee728b)  -> (artifact id: '7eb4155ed0cc4cf7e481ea993830181d') in 0.010052 seconds 
  Import took 0.014793 seconds .

========================================================================
Received Import Request.
  Time since last request: 0.000211 seconds.
  path: Assets/Tiles/sheet_2.asset
  artifactKey: Guid(194e290814009614687e3f707dafaf9c) Importer(815301076,1909f56bfc062723c751e8b465ee728b)
Start importing Assets/Tiles/sheet_2.asset using Guid(194e290814009614687e3f707dafaf9c) Importer(815301076,1909f56bfc062723c751e8b465ee728b)  -> (artifact id: '4bb5a04d581a9c387d6a3d572a04758d') in 0.015947 seconds 
  Import took 0.020174 seconds .

========================================================================
Received Import Request.
  Time since last request: 1.200228 seconds.
  path: Assets/Tiles/sheet_81.asset
  artifactKey: Guid(14bf14c18984a9c4caa5944b643bb2b2) Importer(815301076,1909f56bfc062723c751e8b465ee728b)
Start importing Assets/Tiles/sheet_81.asset using Guid(14bf14c18984a9c4caa5944b643bb2b2) Importer(815301076,1909f56bfc062723c751e8b465ee728b)  -> (artifact id: '6c5bc56ce56c3950f693978a2f28edea') in 0.009164 seconds 
  Import took 0.013061 seconds .

========================================================================
Received Import Request.
  Time since last request: 0.000329 seconds.
  path: Assets/Tiles/sheet_94.asset
  artifactKey: Guid(1e4b99ec712b2e442b7ebe362e146c1b) Importer(815301076,1909f56bfc062723c751e8b465ee728b)
Start importing Assets/Tiles/sheet_94.asset using Guid(1e4b99ec712b2e442b7ebe362e146c1b) Importer(815301076,1909f56bfc062723c751e8b465ee728b)  -> (artifact id: 'ae8b69ff4611a08c97610743d75c45a7') in 0.011264 seconds 
  Import took 0.015286 seconds .

========================================================================
Received Import Request.
  Time since last request: 0.000444 seconds.
  path: Assets/Tiles/sheet_85.asset
  artifactKey: Guid(93d5a70826517544d93f72ded8d7f1af) Importer(815301076,1909f56bfc062723c751e8b465ee728b)
Start importing Assets/Tiles/sheet_85.asset using Guid(93d5a70826517544d93f72ded8d7f1af) Importer(815301076,1909f56bfc062723c751e8b465ee728b)  -> (artifact id: 'cb8180a2846b3874ae7adb3e224e015a') in 0.011352 seconds 
  Import took 0.015550 seconds .

========================================================================
Received Import Request.
  Time since last request: 0.000392 seconds.
  path: Assets/Tiles/sheet_87.asset
  artifactKey: Guid(9494d6e4b6f075842b76d4b692451a50) Importer(815301076,1909f56bfc062723c751e8b465ee728b)
Start importing Assets/Tiles/sheet_87.asset using Guid(9494d6e4b6f075842b76d4b692451a50) Importer(815301076,1909f56bfc062723c751e8b465ee728b)  -> (artifact id: '3265b34fb40dd9cde71207d744b7b7d3') in 0.012444 seconds 
  Import took 0.016258 seconds .

========================================================================
Received Import Request.
  Time since last request: 0.000378 seconds.
  path: Assets/Tiles/sheet_82.asset
  artifactKey: Guid(a389328b52883204da69ef72ed0b2d7d) Importer(815301076,1909f56bfc062723c751e8b465ee728b)
Start importing Assets/Tiles/sheet_82.asset using Guid(a389328b52883204da69ef72ed0b2d7d) Importer(815301076,1909f56bfc062723c751e8b465ee728b)  -> (artifact id: '57221d05b9869245a4f32d73eb49246d') in 0.010422 seconds 
  Import took 0.014970 seconds .

========================================================================
Received Import Request.
  Time since last request: 0.000328 seconds.
  path: Assets/Tiles/sheet_89.asset
  artifactKey: Guid(51fbbd9b44abde140b1324c6c76a0a06) Importer(815301076,1909f56bfc062723c751e8b465ee728b)
Start importing Assets/Tiles/sheet_89.asset using Guid(51fbbd9b44abde140b1324c6c76a0a06) Importer(815301076,1909f56bfc062723c751e8b465ee728b)  -> (artifact id: 'e234c842ee0f75fdf64adf3acd98d7ef') in 0.013083 seconds 
  Import took 0.016545 seconds .

========================================================================
Received Import Request.
  Time since last request: 0.000286 seconds.
  path: Assets/Tiles/sheet_93.asset
  artifactKey: Guid(0967f3ab534d74b48a4a8ea6a9888061) Importer(815301076,1909f56bfc062723c751e8b465ee728b)
Start importing Assets/Tiles/sheet_93.asset using Guid(0967f3ab534d74b48a4a8ea6a9888061) Importer(815301076,1909f56bfc062723c751e8b465ee728b)  -> (artifact id: '1aadad529e942819aa209bef130b6939') in 0.010357 seconds 
  Import took 0.013881 seconds .

========================================================================
Received Import Request.
  Time since last request: 0.000289 seconds.
  path: Assets/Tiles/sheet_99.asset
  artifactKey: Guid(cc0d4fcd36db32d4582a20576133d916) Importer(815301076,1909f56bfc062723c751e8b465ee728b)
Start importing Assets/Tiles/sheet_99.asset using Guid(cc0d4fcd36db32d4582a20576133d916) Importer(815301076,1909f56bfc062723c751e8b465ee728b)  -> (artifact id: 'b73f83dab06799fa9ac58aa2c7b394e4') in 0.010920 seconds 
  Import took 0.015248 seconds .

========================================================================
Received Import Request.
  Time since last request: 0.000302 seconds.
  path: Assets/Tiles/sheet_97.asset
  artifactKey: Guid(9bed9f304023c2a4aad46045d2670fff) Importer(815301076,1909f56bfc062723c751e8b465ee728b)
Start importing Assets/Tiles/sheet_97.asset using Guid(9bed9f304023c2a4aad46045d2670fff) Importer(815301076,1909f56bfc062723c751e8b465ee728b)  -> (artifact id: '7509be69458269f48e7e74158c9d84a0') in 0.011436 seconds 
  Import took 0.015442 seconds .

========================================================================
Received Import Request.
  Time since last request: 0.000356 seconds.
  path: Assets/Tiles/sheet_90.asset
  artifactKey: Guid(559e3fd70f91cd74789835e7ae324000) Importer(815301076,1909f56bfc062723c751e8b465ee728b)
Start importing Assets/Tiles/sheet_90.asset using Guid(559e3fd70f91cd74789835e7ae324000) Importer(815301076,1909f56bfc062723c751e8b465ee728b)  -> (artifact id: 'cc630497793876b96fd298506b180925') in 0.010423 seconds 
  Import took 0.014707 seconds .

========================================================================
Received Import Request.
  Time since last request: 0.000298 seconds.
  path: Assets/Tiles/sheet_92.asset
  artifactKey: Guid(29c2c297371fcd248b48db1f3313f7c3) Importer(815301076,1909f56bfc062723c751e8b465ee728b)
Start importing Assets/Tiles/sheet_92.asset using Guid(29c2c297371fcd248b48db1f3313f7c3) Importer(815301076,1909f56bfc062723c751e8b465ee728b)  -> (artifact id: '8b0322145c48e128121e6e7b952be91b') in 0.012833 seconds 
  Import took 0.018183 seconds .

========================================================================
Received Import Request.
  Time since last request: 0.000225 seconds.
  path: Assets/Tiles/sheet_84.asset
  artifactKey: Guid(f360b7745bfdf654ebd4da2bacfa2ef8) Importer(815301076,1909f56bfc062723c751e8b465ee728b)
Start importing Assets/Tiles/sheet_84.asset using Guid(f360b7745bfdf654ebd4da2bacfa2ef8) Importer(815301076,1909f56bfc062723c751e8b465ee728b)  -> (artifact id: 'fed63db5de7d6fddc0d82d0f097dd705') in 0.012599 seconds 
  Import took 0.017800 seconds .

========================================================================
Received Import Request.
  Time since last request: 0.000410 seconds.
  path: Assets/Tiles/sheet_98.asset
  artifactKey: Guid(a73ea766595fd6941b60c1e24c54caed) Importer(815301076,1909f56bfc062723c751e8b465ee728b)
Start importing Assets/Tiles/sheet_98.asset using Guid(a73ea766595fd6941b60c1e24c54caed) Importer(815301076,1909f56bfc062723c751e8b465ee728b)  -> (artifact id: '2512de3b569500258ffd75e84474939d') in 0.011433 seconds 
  Import took 0.016622 seconds .

========================================================================
Received Import Request.
  Time since last request: 0.000415 seconds.
  path: Assets/Tiles/sheet_95.asset
  artifactKey: Guid(763fa88e8849a0f45984189151294f83) Importer(815301076,1909f56bfc062723c751e8b465ee728b)
Start importing Assets/Tiles/sheet_95.asset using Guid(763fa88e8849a0f45984189151294f83) Importer(815301076,1909f56bfc062723c751e8b465ee728b)  -> (artifact id: '13d83c250a97f2502a854d8566ec0f89') in 0.011669 seconds 
  Import took 0.016221 seconds .

========================================================================
Received Import Request.
  Time since last request: 0.000200 seconds.
  path: Assets/Tiles/sheet_91.asset
  artifactKey: Guid(a43c1cac8682e5a4f9a583ba61096e6b) Importer(815301076,1909f56bfc062723c751e8b465ee728b)
Start importing Assets/Tiles/sheet_91.asset using Guid(a43c1cac8682e5a4f9a583ba61096e6b) Importer(815301076,1909f56bfc062723c751e8b465ee728b)  -> (artifact id: '2152b0e5c7843c867cd447ecc30d1d8c') in 0.010653 seconds 
  Import took 0.014913 seconds .

========================================================================
Received Import Request.
  Time since last request: 0.000285 seconds.
  path: Assets/Tiles/sheet_96.asset
  artifactKey: Guid(db377adaa5fbb084f85ece080b954649) Importer(815301076,1909f56bfc062723c751e8b465ee728b)
Start importing Assets/Tiles/sheet_96.asset using Guid(db377adaa5fbb084f85ece080b954649) Importer(815301076,1909f56bfc062723c751e8b465ee728b)  -> (artifact id: '2baf3286b7d0167c9ad2684012ac6e19') in 0.011349 seconds 
  Import took 0.015755 seconds .

========================================================================
Received Import Request.
  Time since last request: 0.000234 seconds.
  path: Assets/Tiles/sheet_88.asset
  artifactKey: Guid(35d2e43b7c7339344b311b2173a0d208) Importer(815301076,1909f56bfc062723c751e8b465ee728b)
Start importing Assets/Tiles/sheet_88.asset using Guid(35d2e43b7c7339344b311b2173a0d208) Importer(815301076,1909f56bfc062723c751e8b465ee728b)  -> (artifact id: '3bc09815d623014c2796e0b2e3e886b0') in 0.009921 seconds 
  Import took 0.014188 seconds .

========================================================================
Received Import Request.
  Time since last request: 0.000246 seconds.
  path: Assets/Tiles/sheet_86.asset
  artifactKey: Guid(7657565ea24282e40b7e64fd16ae1b72) Importer(815301076,1909f56bfc062723c751e8b465ee728b)
Start importing Assets/Tiles/sheet_86.asset using Guid(7657565ea24282e40b7e64fd16ae1b72) Importer(815301076,1909f56bfc062723c751e8b465ee728b)  -> (artifact id: '0ac0561c55d9e8a94eaab691725d0ec5') in 0.010410 seconds 
  Import took 0.014983 seconds .

========================================================================
Received Import Request.
  Time since last request: 0.000293 seconds.
  path: Assets/Tiles/underworld_load-atlas-32x32_15.asset
  artifactKey: Guid(f0d975620b2de86488907a51b82af60d) Importer(815301076,1909f56bfc062723c751e8b465ee728b)
Start importing Assets/Tiles/underworld_load-atlas-32x32_15.asset using Guid(f0d975620b2de86488907a51b82af60d) Importer(815301076,1909f56bfc062723c751e8b465ee728b)  -> (artifact id: '0161dcf5e82855bb0c3c13905aa039a8') in 0.010974 seconds 
  Import took 0.015121 seconds .

========================================================================
Received Import Request.
  Time since last request: 0.000388 seconds.
  path: Assets/Tiles/sheet_83.asset
  artifactKey: Guid(8f4c768b369862c48aed67bb48f8fa1a) Importer(815301076,1909f56bfc062723c751e8b465ee728b)
Start importing Assets/Tiles/sheet_83.asset using Guid(8f4c768b369862c48aed67bb48f8fa1a) Importer(815301076,1909f56bfc062723c751e8b465ee728b)  -> (artifact id: '162defafc801243a7b5bda4f9d75c0f4') in 0.010958 seconds 
  Import took 0.015098 seconds .

========================================================================
Received Import Request.
  Time since last request: 30.375342 seconds.
  path: Assets/Imports/underworld_load-atlas-32x32.png
  artifactKey: Guid(e7558c0dc37dbe547abe786da7f8bec0) Importer(815301076,1909f56bfc062723c751e8b465ee728b)
Start importing Assets/Imports/underworld_load-atlas-32x32.png using Guid(e7558c0dc37dbe547abe786da7f8bec0) Importer(815301076,1909f56bfc062723c751e8b465ee728b)  -> (artifact id: 'fb59059e68c87522f8aaf4bb92395628') in 0.696396 seconds 
  Import took 0.701830 seconds .

========================================================================
Received Import Request.
  Time since last request: 59.626509 seconds.
  path: Assets/Tiles/underworld_load-atlas-32x32_148.asset
  artifactKey: Guid(794a2e7c5bf28ea4e895f9ab1cee7429) Importer(815301076,1909f56bfc062723c751e8b465ee728b)
Start importing Assets/Tiles/underworld_load-atlas-32x32_148.asset using Guid(794a2e7c5bf28ea4e895f9ab1cee7429) Importer(815301076,1909f56bfc062723c751e8b465ee728b)  -> (artifact id: '62795752d5df2526443e0fa8d5ee4da0') in 0.010946 seconds 
  Import took 0.014516 seconds .

========================================================================
Received Import Request.
  Time since last request: 17.183591 seconds.
  path: Assets/Imports/underworld_load-atlas-32x32.png
  artifactKey: Guid(e7558c0dc37dbe547abe786da7f8bec0) Importer(815301076,1909f56bfc062723c751e8b465ee728b)
Start importing Assets/Imports/underworld_load-atlas-32x32.png using Guid(e7558c0dc37dbe547abe786da7f8bec0) Importer(815301076,1909f56bfc062723c751e8b465ee728b)  -> (artifact id: '47837086f7c39e2d9f845294635af8de') in 0.654229 seconds 
  Import took 0.659927 seconds .

========================================================================
Received Prepare
Registering precompiled user dll's ...
Registered in 0.002388 seconds.
Begin MonoManager ReloadAssembly
Native extension for WindowsStandalone target not found
Refreshing native plugins compatible for Editor in 0.45 ms, found 3 plugins.
Preloading 0 native plugins for Editor in 0.00 ms.
Mono: successfully reloaded assembly
- Completed reload, in  1.130 seconds
Domain Reload Profiling:
	ReloadAssembly (1130ms)
		BeginReloadAssembly (124ms)
			ExecutionOrderSort (0ms)
			DisableScriptedObjects (6ms)
			BackupInstance (0ms)
			ReleaseScriptingObjects (0ms)
			CreateAndSetChildDomain (39ms)
		EndReloadAssembly (945ms)
			LoadAssemblies (92ms)
			RebuildTransferFunctionScriptingTraits (0ms)
			SetupTypeCache (344ms)
			ReleaseScriptCaches (1ms)
			RebuildScriptCaches (52ms)
			SetupLoadedEditorAssemblies (330ms)
				LogAssemblyErrors (0ms)
				InitializePlatformSupportModulesInManaged (6ms)
				SetLoadedEditorAssemblies (1ms)
				RefreshPlugins (1ms)
				BeforeProcessingInitializeOnLoad (88ms)
				ProcessInitializeOnLoadAttributes (223ms)
				ProcessInitializeOnLoadMethodAttributes (8ms)
				AfterProcessingInitializeOnLoad (4ms)
				EditorAssembliesLoaded (0ms)
			ExecutionOrderSort2 (0ms)
			AwakeInstancesAfterBackupRestoration (13ms)
Platform modules already initialized, skipping
Refreshing native plugins compatible for Editor in 0.66 ms, found 3 plugins.
Preloading 0 native plugins for Editor in 0.00 ms.
Unloading 2085 Unused Serialized files (Serialized files now loaded: 0)
System memory in use before: 96.0 MB.
System memory in use after: 96.2 MB.

Unloading 14 unused Assets to reduce memory usage. Loaded Objects now: 2575.
Total: 3.901000 ms (FindLiveObjects: 0.195700 ms CreateObjectMapping: 0.075600 ms MarkObjects: 3.608900 ms  DeleteObjects: 0.019500 ms)

AssetImportParameters requested are different than current active one (requested -> active):
  custom:framework-win-MediaFoundation: 216162199b28c13a410421893ffa2e32 -> 
  custom:video-decoder-ogg-theora: a1e56fd34408186e4bbccfd4996cb3dc -> 
  custom:container-muxer-webm: aa71ff27fc2769a1b78a27578f13a17b -> 
  custom:container-demuxer-webm: 4f35f7cbe854078d1ac9338744f61a02 -> 
  custom:container-demuxer-ogg: 62fdf1f143b41e24485cea50d1cbac27 -> 
  custom:video-encoder-webm-vp8: eb34c28f22e8b96e1ab97ce403110664 -> 
  custom:video-decoder-webm-vp8: 9c59270c3fd7afecdb556c50c9e8de78 -> 
  custom:audio-decoder-ogg-vorbis: bf7c407c2cedff20999df2af8eb42d56 -> 
  custom:audio-encoder-webm-vorbis: bf7c407c2cedff20999df2af8eb42d56 -> 
AssetImportWorkerClient::OnTransportError - code=2 error=End of file
